#
# There is insufficient memory for the Java Runtime Environment to continue.
# Native memory allocation (mmap) failed to map 238026752 bytes for G1 virtual space
# Possible reasons:
#   The system is out of physical RAM or swap space
#   The process is running with CompressedOops enabled, and the Java Heap may be blocking the growth of the native heap
# Possible solutions:
#   Reduce memory load on the system
#   Increase physical memory or swap space
#   Check if swap backing store is full
#   Decrease Java heap size (-Xmx/-Xms)
#   Decrease number of Java threads
#   Decrease Java thread stack sizes (-Xss)
#   Set larger code cache with -XX:ReservedCodeCacheSize=
#   JVM is running with Unscaled Compressed Oops mode in which the Java heap is
#     placed in the first 4GB address space. The Java Heap base address is the
#     maximum limit for the native heap growth. Please use -XX:HeapBaseMinAddress
#     to set the Java Heap base and to place the Java Heap above 4GB virtual address.
# This output file may be truncated or incomplete.
#
#  Out of Memory Error (os_windows.cpp:3769), pid=3644, tid=1292
#
# JRE version: OpenJDK Runtime Environment (17.0.6) (build 17.0.6+0-b2043.56-10027231)
# Java VM: OpenJDK 64-Bit Server VM (17.0.6+0-b2043.56-10027231, mixed mode, tiered, compressed oops, compressed class ptrs, g1 gc, windows-amd64)
# No core dump will be written. Minidumps are not enabled by default on client versions of Windows
#

---------------  S U M M A R Y ------------

Command Line: --add-opens=java.base/java.util=ALL-UNNAMED --add-opens=java.base/java.lang=ALL-UNNAMED --add-opens=java.base/java.lang.invoke=ALL-UNNAMED --add-opens=java.prefs/java.util.prefs=ALL-UNNAMED --add-opens=java.base/java.nio.charset=ALL-UNNAMED --add-opens=java.base/java.net=ALL-UNNAMED --add-opens=java.base/java.util.concurrent.atomic=ALL-UNNAMED -Xmx2048m -Dfile.encoding=UTF-8 -Duser.country=IN -Duser.language=en -Duser.variant org.gradle.launcher.daemon.bootstrap.GradleDaemon 8.0

Host: Intel(R) Pentium(R) CPU 5405U @ 2.30GHz, 4 cores, 3G,  Windows 11 , 64 bit Build 22621 (10.0.22621.2506)
Time: Sat Dec 16 15:08:41 2023 India Standard Time elapsed time: 82.138790 seconds (0d 0h 1m 22s)

---------------  T H R E A D  ---------------

Current thread (0x000001652634ae50):  VMThread "VM Thread" [stack: 0x0000002041600000,0x0000002041700000] [id=1292]

Stack: [0x0000002041600000,0x0000002041700000]
Native frames: (J=compiled Java code, j=interpreted, Vv=VM code, C=native code)
V  [jvm.dll+0x683c9a]
V  [jvm.dll+0x8427a4]
V  [jvm.dll+0x843f9e]
V  [jvm.dll+0x844603]
V  [jvm.dll+0x249b75]
V  [jvm.dll+0x680b69]
V  [jvm.dll+0x67505a]
V  [jvm.dll+0x309acb]
V  [jvm.dll+0x310f86]
V  [jvm.dll+0x3608ee]
V  [jvm.dll+0x360b1f]
V  [jvm.dll+0x2dfbf8]
V  [jvm.dll+0x2ddec4]
V  [jvm.dll+0x2dd4cc]
V  [jvm.dll+0x322261]
V  [jvm.dll+0x848ccb]
V  [jvm.dll+0x849a04]
V  [jvm.dll+0x849f1d]
V  [jvm.dll+0x84a2f4]
V  [jvm.dll+0x84a3c0]
V  [jvm.dll+0x7f274a]
V  [jvm.dll+0x682ad5]
C  [ucrtbase.dll+0x29363]
C  [KERNEL32.DLL+0x1257d]
C  [ntdll.dll+0x5aa58]

VM_Operation (0x0000002042efd2f0): G1TryInitiateConcMark, mode: safepoint, requested by thread 0x00000165309d77a0


---------------  P R O C E S S  ---------------

Threads class SMR info:
_java_thread_list=0x000001652b3de620, length=90, elements={
0x000001650cdb9a50, 0x0000016526350310, 0x0000016526351180, 0x00000165263924c0,
0x0000016526393330, 0x00000165263974a0, 0x0000016526397e50, 0x0000016526398be0,
0x0000016526d04090, 0x0000016526d11e90, 0x0000016526e9d010, 0x0000016526ea18f0,
0x0000016527f0dec0, 0x0000016528593700, 0x000001652884e890, 0x00000165287fa050,
0x0000016527e56680, 0x0000016527afa050, 0x0000016527afacc0, 0x0000016529561060,
0x00000165295636e0, 0x00000165295623a0, 0x0000016529563bb0, 0x0000016529561ed0,
0x0000016529564080, 0x0000016529564a20, 0x0000016529564550, 0x0000016529562d40,
0x0000016529561530, 0x0000016529563210, 0x0000016527a99bc0, 0x0000016527a98d50,
0x0000016527a9aa30, 0x0000016527a983b0, 0x0000016527a9a090, 0x0000016527a966d0,
0x0000016527a97a10, 0x0000016527a9a560, 0x0000016527a97070, 0x0000016527a98880,
0x0000016527a95d30, 0x0000016527a96ba0, 0x0000016527a94520, 0x0000016527a94ec0,
0x0000016527a95390, 0x0000016527a97540, 0x0000016527a95860, 0x0000016527a97ee0,
0x000001652b5aa6e0, 0x000001652b5a9870, 0x000001652b5aba20, 0x000001652b5aabb0,
0x000001652b5a8060, 0x000001652b5a8530, 0x000001652b5ab080, 0x000001652b5ab550,
0x000001652b5a8a00, 0x000001652b5a9d40, 0x000001652b5a93a0, 0x000001652b5a8ed0,
0x000001652b5aa210, 0x0000016529aab700, 0x0000016529aad8b0, 0x0000016529aaad60,
0x0000016529aaca40, 0x0000016529aa9080, 0x0000016529aa8210, 0x0000016529aad3e0,
0x0000016529aacf10, 0x0000016529aadd80, 0x0000016529aaf0c0, 0x0000016529aa86e0,
0x0000016529aa7870, 0x0000016529aae720, 0x0000016529aab230, 0x0000016529aac0a0,
0x0000016529aa7d40, 0x0000016529aae250, 0x0000016529aabbd0, 0x0000016529aaebf0,
0x0000016529aaa3c0, 0x0000016529aaa890, 0x00000165309d72d0, 0x00000165309d8fb0,
0x00000165309d8610, 0x00000165309d5120, 0x00000165309d5f90, 0x00000165309d9950,
0x00000165309d6460, 0x00000165309d77a0
}

Java Threads: ( => current thread )
  0x000001650cdb9a50 JavaThread "main" [_thread_blocked, id=8352, stack(0x0000002041000000,0x0000002041100000)]
  0x0000016526350310 JavaThread "Reference Handler" daemon [_thread_blocked, id=5628, stack(0x0000002041700000,0x0000002041800000)]
  0x0000016526351180 JavaThread "Finalizer" daemon [_thread_blocked, id=7040, stack(0x0000002041800000,0x0000002041900000)]
  0x00000165263924c0 JavaThread "Signal Dispatcher" daemon [_thread_blocked, id=12776, stack(0x0000002041900000,0x0000002041a00000)]
  0x0000016526393330 JavaThread "Attach Listener" daemon [_thread_blocked, id=288, stack(0x0000002041a00000,0x0000002041b00000)]
  0x00000165263974a0 JavaThread "Service Thread" daemon [_thread_blocked, id=5024, stack(0x0000002041b00000,0x0000002041c00000)]
  0x0000016526397e50 JavaThread "Monitor Deflation Thread" daemon [_thread_blocked, id=1480, stack(0x0000002041c00000,0x0000002041d00000)]
  0x0000016526398be0 JavaThread "C2 CompilerThread0" daemon [_thread_blocked, id=13000, stack(0x0000002041d00000,0x0000002041e00000)]
  0x0000016526d04090 JavaThread "C1 CompilerThread0" daemon [_thread_blocked, id=3008, stack(0x0000002041e00000,0x0000002041f00000)]
  0x0000016526d11e90 JavaThread "Sweeper thread" daemon [_thread_blocked, id=284, stack(0x0000002041f00000,0x0000002042000000)]
  0x0000016526e9d010 JavaThread "Common-Cleaner" daemon [_thread_blocked, id=228, stack(0x0000002042000000,0x0000002042100000)]
  0x0000016526ea18f0 JavaThread "Notification Thread" daemon [_thread_blocked, id=2428, stack(0x0000002042100000,0x0000002042200000)]
  0x0000016527f0dec0 JavaThread "Daemon health stats" [_thread_blocked, id=12124, stack(0x0000002042600000,0x0000002042700000)]
  0x0000016528593700 JavaThread "Incoming local TCP Connector on port 55056" [_thread_in_native, id=2380, stack(0x0000002042700000,0x0000002042800000)]
  0x000001652884e890 JavaThread "Daemon periodic checks" [_thread_blocked, id=11100, stack(0x0000002042800000,0x0000002042900000)]
  0x00000165287fa050 JavaThread "Daemon" [_thread_blocked, id=4908, stack(0x0000002042900000,0x0000002042a00000)]
  0x0000016527e56680 JavaThread "Handler for socket connection from /127.0.0.1:55056 to /127.0.0.1:55057" [_thread_in_native, id=11640, stack(0x0000002042a00000,0x0000002042b00000)]
  0x0000016527afa050 JavaThread "Cancel handler" [_thread_blocked, id=6156, stack(0x0000002042b00000,0x0000002042c00000)]
  0x0000016527afacc0 JavaThread "Daemon worker" [_thread_blocked, id=4492, stack(0x0000002042c00000,0x0000002042d00000)]
  0x0000016529561060 JavaThread "Asynchronous log dispatcher for DefaultDaemonConnection: socket connection from /127.0.0.1:55056 to /127.0.0.1:55057" [_thread_blocked, id=12920, stack(0x0000002042d00000,0x0000002042e00000)]
  0x00000165295636e0 JavaThread "Daemon client event forwarder" [_thread_blocked, id=5684, stack(0x0000002042f00000,0x0000002043000000)]
  0x00000165295623a0 JavaThread "Cache worker for journal cache (C:\Users\Dell\.gradle\caches\journal-1)" [_thread_blocked, id=10900, stack(0x0000002043100000,0x0000002043200000)]
  0x0000016529563bb0 JavaThread "File lock request listener" [_thread_in_native, id=9228, stack(0x0000002043200000,0x0000002043300000)]
  0x0000016529561ed0 JavaThread "Cache worker for file hash cache (C:\Users\Dell\.gradle\caches\8.0\fileHashes)" [_thread_blocked, id=11992, stack(0x0000002043300000,0x0000002043400000)]
  0x0000016529564080 JavaThread "File watcher server" daemon [_thread_blocked, id=10096, stack(0x0000002043400000,0x0000002043500000)]
  0x0000016529564a20 JavaThread "File watcher consumer" daemon [_thread_blocked, id=9552, stack(0x0000002043500000,0x0000002043600000)]
  0x0000016529564550 JavaThread "Cache worker for checksums cache (C:\Users\Dell\Desktop\Android Developement\StudentManagement\.gradle\8.0\checksums)" [_thread_blocked, id=7008, stack(0x0000002043600000,0x0000002043700000)]
  0x0000016529562d40 JavaThread "Cache worker for cache directory md-rule (C:\Users\Dell\.gradle\caches\8.0\md-rule)" [_thread_blocked, id=11268, stack(0x0000002043700000,0x0000002043800000)]
  0x0000016529561530 JavaThread "Cache worker for file content cache (C:\Users\Dell\.gradle\caches\8.0\fileContent)" [_thread_blocked, id=13048, stack(0x0000002043800000,0x0000002043900000)]
  0x0000016529563210 JavaThread "Cache worker for file hash cache (C:\Users\Dell\Desktop\Android Developement\StudentManagement\.gradle\8.0\fileHashes)" [_thread_blocked, id=12508, stack(0x0000002043900000,0x0000002043a00000)]
  0x0000016527a99bc0 JavaThread "Cache worker for cache directory md-supplier (C:\Users\Dell\.gradle\caches\8.0\md-supplier)" [_thread_blocked, id=6344, stack(0x0000002043a00000,0x0000002043b00000)]
  0x0000016527a98d50 JavaThread "Cache worker for execution history cache (C:\Users\Dell\.gradle\caches\8.0\executionHistory)" [_thread_blocked, id=12652, stack(0x0000002043b00000,0x0000002043c00000)]
  0x0000016527a9aa30 JavaThread "jar transforms" [_thread_blocked, id=9488, stack(0x0000002043c00000,0x0000002043d00000)]
  0x0000016527a983b0 JavaThread "jar transforms Thread 2" [_thread_blocked, id=8316, stack(0x0000002043d00000,0x0000002043e00000)]
  0x0000016527a9a090 JavaThread "jar transforms Thread 3" [_thread_blocked, id=12464, stack(0x0000002043e00000,0x0000002043f00000)]
  0x0000016527a966d0 JavaThread "jar transforms Thread 4" [_thread_blocked, id=276, stack(0x0000002043f00000,0x0000002044000000)]
  0x0000016527a97a10 JavaThread "Cache worker for dependencies-accessors (C:\Users\Dell\Desktop\Android Developement\StudentManagement\.gradle\8.0\dependencies-accessors)" [_thread_blocked, id=5680, stack(0x0000002044000000,0x0000002044100000)]
  0x0000016527a9a560 JavaThread "Cache worker for Build Output Cleanup Cache (C:\Users\Dell\Desktop\Android Developement\StudentManagement\.gradle\buildOutputCleanup)" [_thread_blocked, id=3540, stack(0x0000002044100000,0x0000002044200000)]
  0x0000016527a97070 JavaThread "Unconstrained build operations" [_thread_blocked, id=3204, stack(0x0000002044200000,0x0000002044300000)]
  0x0000016527a98880 JavaThread "Unconstrained build operations Thread 2" [_thread_blocked, id=10844, stack(0x0000002044300000,0x0000002044400000)]
  0x0000016527a95d30 JavaThread "Unconstrained build operations Thread 3" [_thread_blocked, id=7340, stack(0x0000002044400000,0x0000002044500000)]
  0x0000016527a96ba0 JavaThread "Unconstrained build operations Thread 4" [_thread_blocked, id=8968, stack(0x0000002044500000,0x0000002044600000)]
  0x0000016527a94520 JavaThread "Unconstrained build operations Thread 5" [_thread_blocked, id=1972, stack(0x0000002044600000,0x0000002044700000)]
  0x0000016527a94ec0 JavaThread "Unconstrained build operations Thread 6" [_thread_blocked, id=4828, stack(0x0000002044700000,0x0000002044800000)]
  0x0000016527a95390 JavaThread "Unconstrained build operations Thread 7" [_thread_blocked, id=7592, stack(0x0000002044800000,0x0000002044900000)]
  0x0000016527a97540 JavaThread "Unconstrained build operations Thread 8" [_thread_blocked, id=8952, stack(0x0000002044900000,0x0000002044a00000)]
  0x0000016527a95860 JavaThread "Unconstrained build operations Thread 9" [_thread_blocked, id=12276, stack(0x0000002044a00000,0x0000002044b00000)]
  0x0000016527a97ee0 JavaThread "Unconstrained build operations Thread 10" [_thread_blocked, id=6760, stack(0x0000002044b00000,0x0000002044c00000)]
  0x000001652b5aa6e0 JavaThread "Unconstrained build operations Thread 11" [_thread_blocked, id=7596, stack(0x0000002044c00000,0x0000002044d00000)]
  0x000001652b5a9870 JavaThread "Unconstrained build operations Thread 12" [_thread_blocked, id=1128, stack(0x0000002044d00000,0x0000002044e00000)]
  0x000001652b5aba20 JavaThread "Unconstrained build operations Thread 13" [_thread_blocked, id=1768, stack(0x0000002044e00000,0x0000002044f00000)]
  0x000001652b5aabb0 JavaThread "Unconstrained build operations Thread 14" [_thread_blocked, id=10716, stack(0x0000002044f00000,0x0000002045000000)]
  0x000001652b5a8060 JavaThread "Unconstrained build operations Thread 15" [_thread_blocked, id=9284, stack(0x0000002045000000,0x0000002045100000)]
  0x000001652b5a8530 JavaThread "Unconstrained build operations Thread 16" [_thread_blocked, id=6168, stack(0x0000002045100000,0x0000002045200000)]
  0x000001652b5ab080 JavaThread "Unconstrained build operations Thread 17" [_thread_blocked, id=6172, stack(0x0000002045200000,0x0000002045300000)]
  0x000001652b5ab550 JavaThread "Unconstrained build operations Thread 18" [_thread_blocked, id=412, stack(0x0000002045300000,0x0000002045400000)]
  0x000001652b5a8a00 JavaThread "Unconstrained build operations Thread 19" [_thread_blocked, id=4324, stack(0x0000002045400000,0x0000002045500000)]
  0x000001652b5a9d40 JavaThread "Unconstrained build operations Thread 20" [_thread_blocked, id=8808, stack(0x0000002045500000,0x0000002045600000)]
  0x000001652b5a93a0 JavaThread "Unconstrained build operations Thread 21" [_thread_blocked, id=11752, stack(0x0000002045600000,0x0000002045700000)]
  0x000001652b5a8ed0 JavaThread "Unconstrained build operations Thread 22" [_thread_blocked, id=3660, stack(0x0000002045700000,0x0000002045800000)]
  0x000001652b5aa210 JavaThread "Unconstrained build operations Thread 23" [_thread_blocked, id=11880, stack(0x0000002045800000,0x0000002045900000)]
  0x0000016529aab700 JavaThread "Unconstrained build operations Thread 24" [_thread_blocked, id=11616, stack(0x0000002045900000,0x0000002045a00000)]
  0x0000016529aad8b0 JavaThread "Unconstrained build operations Thread 25" [_thread_blocked, id=12960, stack(0x0000002045a00000,0x0000002045b00000)]
  0x0000016529aaad60 JavaThread "Unconstrained build operations Thread 26" [_thread_blocked, id=3572, stack(0x0000002045b00000,0x0000002045c00000)]
  0x0000016529aaca40 JavaThread "Unconstrained build operations Thread 27" [_thread_blocked, id=7864, stack(0x0000002045c00000,0x0000002045d00000)]
  0x0000016529aa9080 JavaThread "Unconstrained build operations Thread 28" [_thread_blocked, id=8340, stack(0x0000002045d00000,0x0000002045e00000)]
  0x0000016529aa8210 JavaThread "Unconstrained build operations Thread 29" [_thread_blocked, id=11984, stack(0x0000002045e00000,0x0000002045f00000)]
  0x0000016529aad3e0 JavaThread "Unconstrained build operations Thread 30" [_thread_blocked, id=6020, stack(0x0000002045f00000,0x0000002046000000)]
  0x0000016529aacf10 JavaThread "Unconstrained build operations Thread 31" [_thread_blocked, id=10664, stack(0x0000002046000000,0x0000002046100000)]
  0x0000016529aadd80 JavaThread "Unconstrained build operations Thread 32" [_thread_blocked, id=5740, stack(0x0000002046100000,0x0000002046200000)]
  0x0000016529aaf0c0 JavaThread "Unconstrained build operations Thread 33" [_thread_blocked, id=8308, stack(0x0000002046200000,0x0000002046300000)]
  0x0000016529aa86e0 JavaThread "Unconstrained build operations Thread 34" [_thread_blocked, id=12520, stack(0x0000002046300000,0x0000002046400000)]
  0x0000016529aa7870 JavaThread "Unconstrained build operations Thread 35" [_thread_blocked, id=12344, stack(0x0000002046400000,0x0000002046500000)]
  0x0000016529aae720 JavaThread "Unconstrained build operations Thread 36" [_thread_blocked, id=9572, stack(0x0000002046500000,0x0000002046600000)]
  0x0000016529aab230 JavaThread "Unconstrained build operations Thread 37" [_thread_blocked, id=9320, stack(0x0000002046600000,0x0000002046700000)]
  0x0000016529aac0a0 JavaThread "Unconstrained build operations Thread 38" [_thread_blocked, id=12672, stack(0x0000002046700000,0x0000002046800000)]
  0x0000016529aa7d40 JavaThread "Unconstrained build operations Thread 39" [_thread_blocked, id=7944, stack(0x0000002046800000,0x0000002046900000)]
  0x0000016529aae250 JavaThread "Unconstrained build operations Thread 40" [_thread_blocked, id=6128, stack(0x0000002046900000,0x0000002046a00000)]
  0x0000016529aabbd0 JavaThread "build event listener" [_thread_blocked, id=268, stack(0x0000002046a00000,0x0000002046b00000)]
  0x0000016529aaebf0 JavaThread "Memory manager" [_thread_blocked, id=3576, stack(0x0000002040e00000,0x0000002040f00000)]
  0x0000016529aaa3c0 JavaThread "included builds" [_thread_blocked, id=12496, stack(0x0000002046d00000,0x0000002046e00000)]
  0x0000016529aaa890 JavaThread "Execution worker" [_thread_blocked, id=9740, stack(0x0000002046e00000,0x0000002046f00000)]
  0x00000165309d72d0 JavaThread "Execution worker Thread 2" [_thread_blocked, id=8656, stack(0x0000002046f00000,0x0000002047000000)]
  0x00000165309d8fb0 JavaThread "Execution worker Thread 3" [_thread_blocked, id=2068, stack(0x0000002047000000,0x0000002047100000)]
  0x00000165309d8610 JavaThread "Cache worker for execution history cache (C:\Users\Dell\Desktop\Android Developement\StudentManagement\.gradle\8.0\executionHistory)" [_thread_blocked, id=10720, stack(0x0000002047100000,0x0000002047200000)]
  0x00000165309d5120 JavaThread "WorkerExecutor Queue" [_thread_blocked, id=13076, stack(0x0000002047200000,0x0000002047300000)]
  0x00000165309d5f90 JavaThread "WorkerExecutor Queue Thread 2" [_thread_blocked, id=3264, stack(0x0000002047400000,0x0000002047500000)]
  0x00000165309d9950 JavaThread "WorkerExecutor Queue Thread 4" [_thread_blocked, id=1392, stack(0x0000002047600000,0x0000002047700000)]
  0x00000165309d6460 JavaThread "WorkerExecutor Queue Thread 6" [_thread_blocked, id=624, stack(0x0000002040d00000,0x0000002040e00000)]
  0x00000165309d77a0 JavaThread "WorkerExecutor Queue Thread 7" [_thread_blocked, id=5964, stack(0x0000002042e00000,0x0000002042f00000)]

Other Threads:
=>0x000001652634ae50 VMThread "VM Thread" [stack: 0x0000002041600000,0x0000002041700000] [id=1292]
  0x0000016526ea3dd0 WatcherThread [stack: 0x0000002042200000,0x0000002042300000] [id=6764]
  0x000001650ce12ef0 GCTaskThread "GC Thread#0" [stack: 0x0000002041100000,0x0000002041200000] [id=2392]
  0x00000165275ddc30 GCTaskThread "GC Thread#1" [stack: 0x0000002042300000,0x0000002042400000] [id=12304]
  0x00000165275d4320 GCTaskThread "GC Thread#2" [stack: 0x0000002042400000,0x0000002042500000] [id=8716]
  0x00000165278ee6a0 GCTaskThread "GC Thread#3" [stack: 0x0000002042500000,0x0000002042600000] [id=11560]
  0x000001650ce23e30 ConcurrentGCThread "G1 Main Marker" [stack: 0x0000002041200000,0x0000002041300000] [id=4028]
  0x000001650ce24840 ConcurrentGCThread "G1 Conc#0" [stack: 0x0000002041300000,0x0000002041400000] [id=9044]
  0x000001650ce73380 ConcurrentGCThread "G1 Refine#0" [stack: 0x0000002041400000,0x0000002041500000] [id=8176]
  0x000001652864c040 ConcurrentGCThread "G1 Refine#1" [stack: 0x0000002043000000,0x0000002043100000] [id=13044]
  0x000001652da056d0 ConcurrentGCThread "G1 Refine#2" [stack: 0x0000002047300000,0x0000002047400000] [id=5832]
  0x000001650ce74db0 ConcurrentGCThread "G1 Service" [stack: 0x0000002041500000,0x0000002041600000] [id=6312]

Threads with active compile tasks:
C2 CompilerThread0    82215 15091       4       java.io.ObjectOutputStream::writeClassDesc (60 bytes)

VM state: at safepoint (normal execution)

VM Mutex/Monitor currently owned by a thread:  ([mutex/lock_event])
[0x000001650cdb4de0] Threads_lock - owner thread: 0x000001652634ae50
[0x000001650cdb3c70] Heap_lock - owner thread: 0x00000165309d77a0

Heap address: 0x0000000080000000, size: 2048 MB, Compressed Oops mode: 32-bit

CDS archive(s) not mapped
Compressed class space mapped at: 0x0000000100000000-0x0000000140000000, reserved size: 1073741824
Narrow klass base: 0x0000000000000000, Narrow klass shift: 3, Narrow klass range: 0x140000000

GC Precious Log:
 CPUs: 4 total, 4 available
 Memory: 3971M
 Large Page Support: Disabled
 NUMA Support: Disabled
 Compressed Oops: Enabled (32-bit)
 Heap Region Size: 1M
 Heap Min Capacity: 8M
 Heap Initial Capacity: 64M
 Heap Max Capacity: 2G
 Pre-touch: Disabled
 Parallel Workers: 4
 Concurrent Workers: 1
 Concurrent Refinement Workers: 4
 Periodic GC: Disabled

Heap:
 garbage-first heap   total 232448K, used 181995K [0x0000000080000000, 0x0000000100000000)
  region size 1024K, 2 young (2048K), 2 survivors (2048K)
 Metaspace       used 107241K, committed 107968K, reserved 1146880K
  class space    used 14159K, committed 14528K, reserved 1048576K

Heap Regions: E=young(eden), S=young(survivor), O=old, HS=humongous(starts), HC=humongous(continues), CS=collection set, F=free, OA=open archive, CA=closed archive, TAMS=top-at-mark-start (previous, next)
|   0|0x0000000080000000, 0x0000000080100000, 0x0000000080100000|100%| O|  |TAMS 0x0000000080100000, 0x0000000080100000| Untracked 
|   1|0x0000000080100000, 0x0000000080200000, 0x0000000080200000|100%| O|  |TAMS 0x0000000080200000, 0x0000000080200000| Untracked 
|   2|0x0000000080200000, 0x0000000080300000, 0x0000000080300000|100%|HS|  |TAMS 0x0000000080300000, 0x0000000080300000| Complete 
|   3|0x0000000080300000, 0x0000000080400000, 0x0000000080400000|100%|HC|  |TAMS 0x0000000080400000, 0x0000000080400000| Complete 
|   4|0x0000000080400000, 0x0000000080500000, 0x0000000080500000|100%|HC|  |TAMS 0x0000000080500000, 0x0000000080500000| Complete 
|   5|0x0000000080500000, 0x0000000080600000, 0x0000000080600000|100%|HC|  |TAMS 0x0000000080600000, 0x0000000080600000| Complete 
|   6|0x0000000080600000, 0x0000000080700000, 0x0000000080700000|100%| O|  |TAMS 0x0000000080700000, 0x0000000080700000| Untracked 
|   7|0x0000000080700000, 0x0000000080800000, 0x0000000080800000|100%| O|  |TAMS 0x0000000080800000, 0x0000000080800000| Untracked 
|   8|0x0000000080800000, 0x0000000080900000, 0x0000000080900000|100%| O|  |TAMS 0x0000000080900000, 0x0000000080900000| Untracked 
|   9|0x0000000080900000, 0x0000000080a00000, 0x0000000080a00000|100%| O|  |TAMS 0x0000000080a00000, 0x0000000080a00000| Untracked 
|  10|0x0000000080a00000, 0x0000000080b00000, 0x0000000080b00000|100%| O|  |TAMS 0x0000000080b00000, 0x0000000080b00000| Untracked 
|  11|0x0000000080b00000, 0x0000000080c00000, 0x0000000080c00000|100%| O|  |TAMS 0x0000000080c00000, 0x0000000080c00000| Untracked 
|  12|0x0000000080c00000, 0x0000000080d00000, 0x0000000080d00000|100%| O|  |TAMS 0x0000000080d00000, 0x0000000080d00000| Untracked 
|  13|0x0000000080d00000, 0x0000000080e00000, 0x0000000080e00000|100%| O|  |TAMS 0x0000000080e00000, 0x0000000080e00000| Untracked 
|  14|0x0000000080e00000, 0x0000000080f00000, 0x0000000080f00000|100%| O|  |TAMS 0x0000000080f00000, 0x0000000080f00000| Untracked 
|  15|0x0000000080f00000, 0x0000000081000000, 0x0000000081000000|100%| O|  |TAMS 0x0000000081000000, 0x0000000081000000| Untracked 
|  16|0x0000000081000000, 0x0000000081100000, 0x0000000081100000|100%| O|  |TAMS 0x0000000081100000, 0x0000000081100000| Untracked 
|  17|0x0000000081100000, 0x0000000081200000, 0x0000000081200000|100%| O|  |TAMS 0x0000000081200000, 0x0000000081200000| Untracked 
|  18|0x0000000081200000, 0x0000000081300000, 0x0000000081300000|100%| O|  |TAMS 0x0000000081300000, 0x0000000081300000| Untracked 
|  19|0x0000000081300000, 0x0000000081400000, 0x0000000081400000|100%| O|  |TAMS 0x0000000081400000, 0x0000000081400000| Untracked 
|  20|0x0000000081400000, 0x0000000081500000, 0x0000000081500000|100%| O|  |TAMS 0x0000000081500000, 0x0000000081500000| Untracked 
|  21|0x0000000081500000, 0x0000000081600000, 0x0000000081600000|100%| O|  |TAMS 0x0000000081600000, 0x0000000081600000| Untracked 
|  22|0x0000000081600000, 0x0000000081700000, 0x0000000081700000|100%| O|  |TAMS 0x0000000081700000, 0x0000000081700000| Untracked 
|  23|0x0000000081700000, 0x0000000081800000, 0x0000000081800000|100%| O|  |TAMS 0x0000000081800000, 0x0000000081800000| Untracked 
|  24|0x0000000081800000, 0x0000000081900000, 0x0000000081900000|100%| O|  |TAMS 0x0000000081900000, 0x0000000081900000| Untracked 
|  25|0x0000000081900000, 0x0000000081a00000, 0x0000000081a00000|100%| O|  |TAMS 0x0000000081a00000, 0x0000000081a00000| Untracked 
|  26|0x0000000081a00000, 0x0000000081b00000, 0x0000000081b00000|100%| O|  |TAMS 0x0000000081b00000, 0x0000000081b00000| Untracked 
|  27|0x0000000081b00000, 0x0000000081c00000, 0x0000000081c00000|100%| O|  |TAMS 0x0000000081c00000, 0x0000000081c00000| Untracked 
|  28|0x0000000081c00000, 0x0000000081d00000, 0x0000000081d00000|100%| O|  |TAMS 0x0000000081d00000, 0x0000000081d00000| Untracked 
|  29|0x0000000081d00000, 0x0000000081e00000, 0x0000000081e00000|100%| O|  |TAMS 0x0000000081e00000, 0x0000000081e00000| Untracked 
|  30|0x0000000081e00000, 0x0000000081f00000, 0x0000000081f00000|100%| O|  |TAMS 0x0000000081f00000, 0x0000000081f00000| Untracked 
|  31|0x0000000081f00000, 0x0000000082000000, 0x0000000082000000|100%| O|  |TAMS 0x0000000082000000, 0x0000000082000000| Untracked 
|  32|0x0000000082000000, 0x0000000082100000, 0x0000000082100000|100%| O|  |TAMS 0x0000000082100000, 0x0000000082100000| Untracked 
|  33|0x0000000082100000, 0x0000000082200000, 0x0000000082200000|100%| O|  |TAMS 0x0000000082200000, 0x0000000082200000| Untracked 
|  34|0x0000000082200000, 0x0000000082300000, 0x0000000082300000|100%| O|  |TAMS 0x0000000082300000, 0x0000000082300000| Untracked 
|  35|0x0000000082300000, 0x0000000082400000, 0x0000000082400000|100%| O|  |TAMS 0x0000000082400000, 0x0000000082400000| Untracked 
|  36|0x0000000082400000, 0x0000000082500000, 0x0000000082500000|100%| O|  |TAMS 0x0000000082500000, 0x0000000082500000| Untracked 
|  37|0x0000000082500000, 0x0000000082600000, 0x0000000082600000|100%| O|  |TAMS 0x0000000082600000, 0x0000000082600000| Untracked 
|  38|0x0000000082600000, 0x0000000082700000, 0x0000000082700000|100%|HS|  |TAMS 0x0000000082700000, 0x0000000082700000| Complete 
|  39|0x0000000082700000, 0x0000000082800000, 0x0000000082800000|100%|HS|  |TAMS 0x0000000082800000, 0x0000000082800000| Complete 
|  40|0x0000000082800000, 0x0000000082900000, 0x0000000082900000|100%| O|  |TAMS 0x0000000082800000, 0x0000000082900000| Untracked 
|  41|0x0000000082900000, 0x0000000082a00000, 0x0000000082a00000|100%|HS|  |TAMS 0x0000000082a00000, 0x0000000082a00000| Complete 
|  42|0x0000000082a00000, 0x0000000082b00000, 0x0000000082b00000|100%| O|  |TAMS 0x0000000082b00000, 0x0000000082b00000| Untracked 
|  43|0x0000000082b00000, 0x0000000082c00000, 0x0000000082c00000|100%| O|  |TAMS 0x0000000082c00000, 0x0000000082c00000| Untracked 
|  44|0x0000000082c00000, 0x0000000082d00000, 0x0000000082d00000|100%| O|  |TAMS 0x0000000082d00000, 0x0000000082d00000| Untracked 
|  45|0x0000000082d00000, 0x0000000082e00000, 0x0000000082e00000|100%| O|  |TAMS 0x0000000082e00000, 0x0000000082e00000| Untracked 
|  46|0x0000000082e00000, 0x0000000082f00000, 0x0000000082f00000|100%| O|  |TAMS 0x0000000082f00000, 0x0000000082f00000| Untracked 
|  47|0x0000000082f00000, 0x0000000083000000, 0x0000000083000000|100%| O|  |TAMS 0x0000000083000000, 0x0000000083000000| Untracked 
|  48|0x0000000083000000, 0x0000000083100000, 0x0000000083100000|100%| O|  |TAMS 0x0000000083100000, 0x0000000083100000| Untracked 
|  49|0x0000000083100000, 0x0000000083200000, 0x0000000083200000|100%| O|  |TAMS 0x0000000083200000, 0x0000000083200000| Untracked 
|  50|0x0000000083200000, 0x0000000083300000, 0x0000000083300000|100%| O|  |TAMS 0x0000000083300000, 0x0000000083300000| Untracked 
|  51|0x0000000083300000, 0x0000000083400000, 0x0000000083400000|100%| O|  |TAMS 0x0000000083400000, 0x0000000083400000| Untracked 
|  52|0x0000000083400000, 0x0000000083500000, 0x0000000083500000|100%| O|  |TAMS 0x0000000083500000, 0x0000000083500000| Untracked 
|  53|0x0000000083500000, 0x0000000083600000, 0x0000000083600000|100%| O|  |TAMS 0x0000000083600000, 0x0000000083600000| Untracked 
|  54|0x0000000083600000, 0x0000000083700000, 0x0000000083700000|100%| O|  |TAMS 0x0000000083700000, 0x0000000083700000| Untracked 
|  55|0x0000000083700000, 0x0000000083800000, 0x0000000083800000|100%| O|  |TAMS 0x0000000083800000, 0x0000000083800000| Untracked 
|  56|0x0000000083800000, 0x0000000083900000, 0x0000000083900000|100%| O|  |TAMS 0x0000000083900000, 0x0000000083900000| Untracked 
|  57|0x0000000083900000, 0x0000000083a00000, 0x0000000083a00000|100%| O|  |TAMS 0x0000000083a00000, 0x0000000083a00000| Untracked 
|  58|0x0000000083a00000, 0x0000000083b00000, 0x0000000083b00000|100%| O|  |TAMS 0x0000000083b00000, 0x0000000083b00000| Untracked 
|  59|0x0000000083b00000, 0x0000000083c00000, 0x0000000083c00000|100%| O|  |TAMS 0x0000000083c00000, 0x0000000083c00000| Untracked 
|  60|0x0000000083c00000, 0x0000000083d00000, 0x0000000083d00000|100%| O|  |TAMS 0x0000000083d00000, 0x0000000083d00000| Untracked 
|  61|0x0000000083d00000, 0x0000000083e00000, 0x0000000083e00000|100%| O|  |TAMS 0x0000000083e00000, 0x0000000083e00000| Untracked 
|  62|0x0000000083e00000, 0x0000000083f00000, 0x0000000083f00000|100%| O|  |TAMS 0x0000000083f00000, 0x0000000083f00000| Untracked 
|  63|0x0000000083f00000, 0x0000000084000000, 0x0000000084000000|100%| O|  |TAMS 0x0000000084000000, 0x0000000084000000| Untracked 
|  64|0x0000000084000000, 0x0000000084100000, 0x0000000084100000|100%| O|  |TAMS 0x0000000084100000, 0x0000000084100000| Untracked 
|  65|0x0000000084100000, 0x0000000084200000, 0x0000000084200000|100%| O|  |TAMS 0x0000000084200000, 0x0000000084200000| Untracked 
|  66|0x0000000084200000, 0x0000000084300000, 0x0000000084300000|100%| O|  |TAMS 0x0000000084300000, 0x0000000084300000| Untracked 
|  67|0x0000000084300000, 0x0000000084400000, 0x0000000084400000|100%| O|  |TAMS 0x0000000084400000, 0x0000000084400000| Untracked 
|  68|0x0000000084400000, 0x0000000084500000, 0x0000000084500000|100%| O|  |TAMS 0x0000000084500000, 0x0000000084500000| Untracked 
|  69|0x0000000084500000, 0x0000000084600000, 0x0000000084600000|100%| O|  |TAMS 0x0000000084600000, 0x0000000084600000| Untracked 
|  70|0x0000000084600000, 0x0000000084700000, 0x0000000084700000|100%| O|  |TAMS 0x0000000084700000, 0x0000000084700000| Untracked 
|  71|0x0000000084700000, 0x0000000084800000, 0x0000000084800000|100%| O|  |TAMS 0x0000000084800000, 0x0000000084800000| Untracked 
|  72|0x0000000084800000, 0x0000000084900000, 0x0000000084900000|100%| O|  |TAMS 0x0000000084900000, 0x0000000084900000| Untracked 
|  73|0x0000000084900000, 0x0000000084a00000, 0x0000000084a00000|100%| O|  |TAMS 0x0000000084900000, 0x0000000084a00000| Untracked 
|  74|0x0000000084a00000, 0x0000000084b00000, 0x0000000084b00000|100%| O|  |TAMS 0x0000000084b00000, 0x0000000084b00000| Untracked 
|  75|0x0000000084b00000, 0x0000000084c00000, 0x0000000084c00000|100%| O|  |TAMS 0x0000000084c00000, 0x0000000084c00000| Untracked 
|  76|0x0000000084c00000, 0x0000000084d00000, 0x0000000084d00000|100%| O|  |TAMS 0x0000000084d00000, 0x0000000084d00000| Untracked 
|  77|0x0000000084d00000, 0x0000000084e00000, 0x0000000084e00000|100%| O|  |TAMS 0x0000000084e00000, 0x0000000084e00000| Untracked 
|  78|0x0000000084e00000, 0x0000000084f00000, 0x0000000084f00000|100%| O|  |TAMS 0x0000000084e00000, 0x0000000084f00000| Untracked 
|  79|0x0000000084f00000, 0x0000000085000000, 0x0000000085000000|100%| O|  |TAMS 0x0000000084f00000, 0x0000000085000000| Untracked 
|  80|0x0000000085000000, 0x0000000085100000, 0x0000000085100000|100%| O|  |TAMS 0x0000000085000000, 0x0000000085100000| Untracked 
|  81|0x0000000085100000, 0x0000000085200000, 0x0000000085200000|100%| O|  |TAMS 0x0000000085100000, 0x0000000085200000| Untracked 
|  82|0x0000000085200000, 0x0000000085300000, 0x0000000085300000|100%| O|  |TAMS 0x0000000085200000, 0x0000000085300000| Untracked 
|  83|0x0000000085300000, 0x0000000085400000, 0x0000000085400000|100%| O|  |TAMS 0x0000000085300000, 0x0000000085400000| Untracked 
|  84|0x0000000085400000, 0x0000000085500000, 0x0000000085500000|100%|HS|  |TAMS 0x0000000085500000, 0x0000000085500000| Complete 
|  85|0x0000000085500000, 0x0000000085600000, 0x0000000085600000|100%|HC|  |TAMS 0x0000000085600000, 0x0000000085600000| Complete 
|  86|0x0000000085600000, 0x0000000085700000, 0x0000000085700000|100%| O|  |TAMS 0x0000000085700000, 0x0000000085700000| Untracked 
|  87|0x0000000085700000, 0x0000000085800000, 0x0000000085800000|100%| O|  |TAMS 0x0000000085800000, 0x0000000085800000| Untracked 
|  88|0x0000000085800000, 0x0000000085900000, 0x0000000085900000|100%| O|  |TAMS 0x0000000085900000, 0x0000000085900000| Untracked 
|  89|0x0000000085900000, 0x0000000085a00000, 0x0000000085a00000|100%| O|  |TAMS 0x0000000085a00000, 0x0000000085a00000| Untracked 
|  90|0x0000000085a00000, 0x0000000085b00000, 0x0000000085b00000|100%| O|  |TAMS 0x0000000085b00000, 0x0000000085b00000| Untracked 
|  91|0x0000000085b00000, 0x0000000085c00000, 0x0000000085c00000|100%| O|  |TAMS 0x0000000085c00000, 0x0000000085c00000| Untracked 
|  92|0x0000000085c00000, 0x0000000085d00000, 0x0000000085d00000|100%| O|  |TAMS 0x0000000085d00000, 0x0000000085d00000| Untracked 
|  93|0x0000000085d00000, 0x0000000085e00000, 0x0000000085e00000|100%| O|  |TAMS 0x0000000085e00000, 0x0000000085e00000| Untracked 
|  94|0x0000000085e00000, 0x0000000085f00000, 0x0000000085f00000|100%| O|  |TAMS 0x0000000085f00000, 0x0000000085f00000| Untracked 
|  95|0x0000000085f00000, 0x0000000086000000, 0x0000000086000000|100%| O|  |TAMS 0x0000000086000000, 0x0000000086000000| Untracked 
|  96|0x0000000086000000, 0x0000000086100000, 0x0000000086100000|100%| O|  |TAMS 0x0000000086100000, 0x0000000086100000| Untracked 
|  97|0x0000000086100000, 0x0000000086200000, 0x0000000086200000|100%| O|  |TAMS 0x0000000086200000, 0x0000000086200000| Untracked 
|  98|0x0000000086200000, 0x0000000086300000, 0x0000000086300000|100%| O|  |TAMS 0x0000000086300000, 0x0000000086300000| Untracked 
|  99|0x0000000086300000, 0x0000000086400000, 0x0000000086400000|100%| O|  |TAMS 0x0000000086400000, 0x0000000086400000| Untracked 
| 100|0x0000000086400000, 0x0000000086500000, 0x0000000086500000|100%| O|  |TAMS 0x0000000086400000, 0x0000000086500000| Untracked 
| 101|0x0000000086500000, 0x0000000086600000, 0x0000000086600000|100%| O|  |TAMS 0x0000000086600000, 0x0000000086600000| Untracked 
| 102|0x0000000086600000, 0x0000000086700000, 0x0000000086700000|100%| O|  |TAMS 0x0000000086700000, 0x0000000086700000| Untracked 
| 103|0x0000000086700000, 0x0000000086800000, 0x0000000086800000|100%| O|  |TAMS 0x0000000086700000, 0x0000000086800000| Untracked 
| 104|0x0000000086800000, 0x0000000086900000, 0x0000000086900000|100%| O|  |TAMS 0x0000000086800000, 0x0000000086900000| Untracked 
| 105|0x0000000086900000, 0x0000000086a00000, 0x0000000086a00000|100%| O|  |TAMS 0x0000000086900000, 0x0000000086a00000| Untracked 
| 106|0x0000000086a00000, 0x0000000086b00000, 0x0000000086b00000|100%| O|  |TAMS 0x0000000086a00000, 0x0000000086b00000| Untracked 
| 107|0x0000000086b00000, 0x0000000086c00000, 0x0000000086c00000|100%| O|  |TAMS 0x0000000086b00000, 0x0000000086c00000| Untracked 
| 108|0x0000000086c00000, 0x0000000086d00000, 0x0000000086d00000|100%| O|  |TAMS 0x0000000086c00000, 0x0000000086d00000| Untracked 
| 109|0x0000000086d00000, 0x0000000086e00000, 0x0000000086e00000|100%| O|  |TAMS 0x0000000086d00000, 0x0000000086e00000| Untracked 
| 110|0x0000000086e00000, 0x0000000086f00000, 0x0000000086f00000|100%| O|  |TAMS 0x0000000086e00000, 0x0000000086f00000| Untracked 
| 111|0x0000000086f00000, 0x0000000087000000, 0x0000000087000000|100%| O|  |TAMS 0x0000000086f00000, 0x0000000087000000| Untracked 
| 112|0x0000000087000000, 0x0000000087100000, 0x0000000087100000|100%| O|  |TAMS 0x0000000087000000, 0x0000000087100000| Untracked 
| 113|0x0000000087100000, 0x0000000087200000, 0x0000000087200000|100%| O|  |TAMS 0x0000000087100000, 0x0000000087200000| Untracked 
| 114|0x0000000087200000, 0x0000000087300000, 0x0000000087300000|100%| O|  |TAMS 0x0000000087200000, 0x0000000087300000| Untracked 
| 115|0x0000000087300000, 0x0000000087400000, 0x0000000087400000|100%| O|  |TAMS 0x0000000087300000, 0x0000000087400000| Untracked 
| 116|0x0000000087400000, 0x0000000087500000, 0x0000000087500000|100%| O|  |TAMS 0x0000000087400000, 0x0000000087500000| Untracked 
| 117|0x0000000087500000, 0x0000000087600000, 0x0000000087600000|100%| O|  |TAMS 0x0000000087500000, 0x0000000087600000| Untracked 
| 118|0x0000000087600000, 0x0000000087700000, 0x0000000087700000|100%| O|  |TAMS 0x0000000087600000, 0x0000000087700000| Untracked 
| 119|0x0000000087700000, 0x0000000087800000, 0x0000000087800000|100%| O|  |TAMS 0x0000000087700000, 0x0000000087800000| Untracked 
| 120|0x0000000087800000, 0x0000000087900000, 0x0000000087900000|100%| O|  |TAMS 0x0000000087800000, 0x0000000087900000| Untracked 
| 121|0x0000000087900000, 0x0000000087a00000, 0x0000000087a00000|100%| O|  |TAMS 0x0000000087900000, 0x0000000087a00000| Untracked 
| 122|0x0000000087a00000, 0x0000000087b00000, 0x0000000087b00000|100%| O|  |TAMS 0x0000000087a00000, 0x0000000087b00000| Untracked 
| 123|0x0000000087b00000, 0x0000000087c00000, 0x0000000087c00000|100%| O|  |TAMS 0x0000000087b00000, 0x0000000087c00000| Untracked 
| 124|0x0000000087c00000, 0x0000000087d00000, 0x0000000087d00000|100%| O|  |TAMS 0x0000000087c00000, 0x0000000087d00000| Untracked 
| 125|0x0000000087d00000, 0x0000000087e00000, 0x0000000087e00000|100%| O|  |TAMS 0x0000000087d00000, 0x0000000087e00000| Untracked 
| 126|0x0000000087e00000, 0x0000000087f00000, 0x0000000087f00000|100%| O|  |TAMS 0x0000000087e00000, 0x0000000087f00000| Untracked 
| 127|0x0000000087f00000, 0x0000000088000000, 0x0000000088000000|100%| O|  |TAMS 0x0000000087f00000, 0x0000000088000000| Untracked 
| 128|0x0000000088000000, 0x0000000088100000, 0x0000000088100000|100%| O|  |TAMS 0x0000000088000000, 0x0000000088100000| Untracked 
| 129|0x0000000088100000, 0x0000000088200000, 0x0000000088200000|100%| O|  |TAMS 0x0000000088100000, 0x0000000088200000| Untracked 
| 130|0x0000000088200000, 0x0000000088300000, 0x0000000088300000|100%| O|  |TAMS 0x0000000088200000, 0x0000000088300000| Untracked 
| 131|0x0000000088300000, 0x0000000088400000, 0x0000000088400000|100%| O|  |TAMS 0x0000000088300000, 0x0000000088400000| Untracked 
| 132|0x0000000088400000, 0x0000000088500000, 0x0000000088500000|100%|HS|  |TAMS 0x0000000088400000, 0x0000000088500000| Complete 
| 133|0x0000000088500000, 0x0000000088600000, 0x0000000088600000|100%|HC|  |TAMS 0x0000000088500000, 0x0000000088600000| Complete 
| 134|0x0000000088600000, 0x0000000088700000, 0x0000000088700000|100%|HS|  |TAMS 0x0000000088600000, 0x0000000088700000| Complete 
| 135|0x0000000088700000, 0x0000000088800000, 0x0000000088800000|100%|HS|  |TAMS 0x0000000088700000, 0x0000000088800000| Complete 
| 136|0x0000000088800000, 0x0000000088900000, 0x0000000088900000|100%|HS|  |TAMS 0x0000000088800000, 0x0000000088900000| Complete 
| 137|0x0000000088900000, 0x0000000088a00000, 0x0000000088a00000|100%|HC|  |TAMS 0x0000000088900000, 0x0000000088a00000| Complete 
| 138|0x0000000088a00000, 0x0000000088b00000, 0x0000000088b00000|100%|HS|  |TAMS 0x0000000088a00000, 0x0000000088b00000| Complete 
| 139|0x0000000088b00000, 0x0000000088c00000, 0x0000000088c00000|100%|HC|  |TAMS 0x0000000088b00000, 0x0000000088c00000| Complete 
| 140|0x0000000088c00000, 0x0000000088d00000, 0x0000000088d00000|100%|HS|  |TAMS 0x0000000088c00000, 0x0000000088d00000| Complete 
| 141|0x0000000088d00000, 0x0000000088e00000, 0x0000000088e00000|100%|HC|  |TAMS 0x0000000088d00000, 0x0000000088e00000| Complete 
| 142|0x0000000088e00000, 0x0000000088f00000, 0x0000000088f00000|100%|HC|  |TAMS 0x0000000088e00000, 0x0000000088f00000| Complete 
| 143|0x0000000088f00000, 0x0000000089000000, 0x0000000089000000|100%| O|  |TAMS 0x0000000088f00000, 0x0000000089000000| Untracked 
| 144|0x0000000089000000, 0x0000000089100000, 0x0000000089100000|100%| O|  |TAMS 0x0000000089000000, 0x0000000089100000| Untracked 
| 145|0x0000000089100000, 0x0000000089200000, 0x0000000089200000|100%| O|  |TAMS 0x0000000089100000, 0x0000000089200000| Untracked 
| 146|0x0000000089200000, 0x0000000089300000, 0x0000000089300000|100%| O|  |TAMS 0x0000000089200000, 0x0000000089300000| Untracked 
| 147|0x0000000089300000, 0x0000000089400000, 0x0000000089400000|100%| O|  |TAMS 0x0000000089300000, 0x0000000089400000| Untracked 
| 148|0x0000000089400000, 0x0000000089500000, 0x0000000089500000|100%| O|  |TAMS 0x0000000089400000, 0x0000000089500000| Untracked 
| 149|0x0000000089500000, 0x0000000089600000, 0x0000000089600000|100%| O|  |TAMS 0x0000000089500000, 0x0000000089600000| Untracked 
| 150|0x0000000089600000, 0x0000000089700000, 0x0000000089700000|100%| O|  |TAMS 0x0000000089600000, 0x0000000089700000| Untracked 
| 151|0x0000000089700000, 0x0000000089800000, 0x0000000089800000|100%| O|  |TAMS 0x0000000089700000, 0x0000000089800000| Untracked 
| 152|0x0000000089800000, 0x0000000089900000, 0x0000000089900000|100%| O|  |TAMS 0x0000000089800000, 0x0000000089900000| Untracked 
| 153|0x0000000089900000, 0x0000000089a00000, 0x0000000089a00000|100%| O|  |TAMS 0x0000000089900000, 0x0000000089a00000| Untracked 
| 154|0x0000000089a00000, 0x0000000089b00000, 0x0000000089b00000|100%| O|  |TAMS 0x0000000089a00000, 0x0000000089b00000| Untracked 
| 155|0x0000000089b00000, 0x0000000089c00000, 0x0000000089c00000|100%| O|  |TAMS 0x0000000089b00000, 0x0000000089c00000| Untracked 
| 156|0x0000000089c00000, 0x0000000089d00000, 0x0000000089d00000|100%| O|  |TAMS 0x0000000089c00000, 0x0000000089d00000| Untracked 
| 157|0x0000000089d00000, 0x0000000089e00000, 0x0000000089e00000|100%|HS|  |TAMS 0x0000000089d00000, 0x0000000089e00000| Complete 
| 158|0x0000000089e00000, 0x0000000089f00000, 0x0000000089f00000|100%|HC|  |TAMS 0x0000000089e00000, 0x0000000089f00000| Complete 
| 159|0x0000000089f00000, 0x000000008a000000, 0x000000008a000000|100%|HS|  |TAMS 0x0000000089f00000, 0x000000008a000000| Complete 
| 160|0x000000008a000000, 0x000000008a100000, 0x000000008a100000|100%|HC|  |TAMS 0x000000008a000000, 0x000000008a100000| Complete 
| 161|0x000000008a100000, 0x000000008a200000, 0x000000008a200000|100%|HC|  |TAMS 0x000000008a100000, 0x000000008a200000| Complete 
| 162|0x000000008a200000, 0x000000008a300000, 0x000000008a300000|100%|HS|  |TAMS 0x000000008a200000, 0x000000008a300000| Complete 
| 163|0x000000008a300000, 0x000000008a400000, 0x000000008a400000|100%|HC|  |TAMS 0x000000008a300000, 0x000000008a400000| Complete 
| 164|0x000000008a400000, 0x000000008a500000, 0x000000008a500000|100%|HS|  |TAMS 0x000000008a400000, 0x000000008a500000| Complete 
| 165|0x000000008a500000, 0x000000008a600000, 0x000000008a600000|100%|HS|  |TAMS 0x000000008a500000, 0x000000008a600000| Complete 
| 166|0x000000008a600000, 0x000000008a700000, 0x000000008a700000|100%| O|  |TAMS 0x000000008a600000, 0x000000008a700000| Untracked 
| 167|0x000000008a700000, 0x000000008a800000, 0x000000008a800000|100%|HS|  |TAMS 0x000000008a700000, 0x000000008a800000| Complete 
| 168|0x000000008a800000, 0x000000008a800000, 0x000000008a900000|  0%| F|  |TAMS 0x000000008a800000, 0x000000008a800000| Untracked 
| 169|0x000000008a900000, 0x000000008a900000, 0x000000008aa00000|  0%| F|  |TAMS 0x000000008a900000, 0x000000008a900000| Untracked 
| 170|0x000000008aa00000, 0x000000008aa00000, 0x000000008ab00000|  0%| F|  |TAMS 0x000000008aa00000, 0x000000008aa00000| Untracked 
| 171|0x000000008ab00000, 0x000000008ac00000, 0x000000008ac00000|100%|HS|  |TAMS 0x000000008ab00000, 0x000000008ac00000| Complete 
| 172|0x000000008ac00000, 0x000000008ad00000, 0x000000008ad00000|100%|HC|  |TAMS 0x000000008ac00000, 0x000000008ad00000| Complete 
| 173|0x000000008ad00000, 0x000000008ae00000, 0x000000008ae00000|100%|HS|  |TAMS 0x000000008ad00000, 0x000000008ae00000| Complete 
| 174|0x000000008ae00000, 0x000000008af00000, 0x000000008af00000|100%|HC|  |TAMS 0x000000008ae00000, 0x000000008af00000| Complete 
| 175|0x000000008af00000, 0x000000008b000000, 0x000000008b000000|100%| O|  |TAMS 0x000000008af00000, 0x000000008b000000| Untracked 
| 176|0x000000008b000000, 0x000000008b100000, 0x000000008b100000|100%| O|  |TAMS 0x000000008b000000, 0x000000008b100000| Untracked 
| 177|0x000000008b100000, 0x000000008b1b0e00, 0x000000008b200000| 69%| O|  |TAMS 0x000000008b100000, 0x000000008b1b0e00| Untracked 
| 178|0x000000008b200000, 0x000000008b200000, 0x000000008b300000|  0%| F|  |TAMS 0x000000008b200000, 0x000000008b200000| Untracked 
| 179|0x000000008b300000, 0x000000008b300000, 0x000000008b400000|  0%| F|  |TAMS 0x000000008b300000, 0x000000008b300000| Untracked 
| 180|0x000000008b400000, 0x000000008b400000, 0x000000008b500000|  0%| F|  |TAMS 0x000000008b400000, 0x000000008b400000| Untracked 
| 181|0x000000008b500000, 0x000000008b500000, 0x000000008b600000|  0%| F|  |TAMS 0x000000008b500000, 0x000000008b500000| Untracked 
| 182|0x000000008b600000, 0x000000008b600000, 0x000000008b700000|  0%| F|  |TAMS 0x000000008b600000, 0x000000008b600000| Untracked 
| 183|0x000000008b700000, 0x000000008b700000, 0x000000008b800000|  0%| F|  |TAMS 0x000000008b700000, 0x000000008b700000| Untracked 
| 184|0x000000008b800000, 0x000000008b800000, 0x000000008b900000|  0%| F|  |TAMS 0x000000008b800000, 0x000000008b800000| Untracked 
| 185|0x000000008b900000, 0x000000008b900000, 0x000000008ba00000|  0%| F|  |TAMS 0x000000008b900000, 0x000000008b900000| Untracked 
| 186|0x000000008ba00000, 0x000000008ba00000, 0x000000008bb00000|  0%| F|  |TAMS 0x000000008ba00000, 0x000000008ba00000| Untracked 
| 187|0x000000008bb00000, 0x000000008bb00000, 0x000000008bc00000|  0%| F|  |TAMS 0x000000008bb00000, 0x000000008bb00000| Untracked 
| 188|0x000000008bc00000, 0x000000008bc00000, 0x000000008bd00000|  0%| F|  |TAMS 0x000000008bc00000, 0x000000008bc00000| Untracked 
| 189|0x000000008bd00000, 0x000000008bd00000, 0x000000008be00000|  0%| F|  |TAMS 0x000000008bd00000, 0x000000008bd00000| Untracked 
| 190|0x000000008be00000, 0x000000008be00000, 0x000000008bf00000|  0%| F|  |TAMS 0x000000008be00000, 0x000000008be00000| Untracked 
| 191|0x000000008bf00000, 0x000000008bf00000, 0x000000008c000000|  0%| F|  |TAMS 0x000000008bf00000, 0x000000008bf00000| Untracked 
| 192|0x000000008c000000, 0x000000008c000000, 0x000000008c100000|  0%| F|  |TAMS 0x000000008c000000, 0x000000008c000000| Untracked 
| 193|0x000000008c100000, 0x000000008c100000, 0x000000008c200000|  0%| F|  |TAMS 0x000000008c100000, 0x000000008c100000| Untracked 
| 194|0x000000008c200000, 0x000000008c200000, 0x000000008c300000|  0%| F|  |TAMS 0x000000008c200000, 0x000000008c200000| Untracked 
| 195|0x000000008c300000, 0x000000008c300000, 0x000000008c400000|  0%| F|  |TAMS 0x000000008c300000, 0x000000008c300000| Untracked 
| 196|0x000000008c400000, 0x000000008c400000, 0x000000008c500000|  0%| F|  |TAMS 0x000000008c400000, 0x000000008c400000| Untracked 
| 197|0x000000008c500000, 0x000000008c500000, 0x000000008c600000|  0%| F|  |TAMS 0x000000008c500000, 0x000000008c500000| Untracked 
| 198|0x000000008c600000, 0x000000008c600000, 0x000000008c700000|  0%| F|  |TAMS 0x000000008c600000, 0x000000008c600000| Untracked 
| 199|0x000000008c700000, 0x000000008c700000, 0x000000008c800000|  0%| F|  |TAMS 0x000000008c700000, 0x000000008c700000| Untracked 
| 200|0x000000008c800000, 0x000000008c800000, 0x000000008c900000|  0%| F|  |TAMS 0x000000008c800000, 0x000000008c800000| Untracked 
| 201|0x000000008c900000, 0x000000008c900000, 0x000000008ca00000|  0%| F|  |TAMS 0x000000008c900000, 0x000000008c900000| Untracked 
| 202|0x000000008ca00000, 0x000000008ca00000, 0x000000008cb00000|  0%| F|  |TAMS 0x000000008ca00000, 0x000000008ca00000| Untracked 
| 203|0x000000008cb00000, 0x000000008cb00000, 0x000000008cc00000|  0%| F|  |TAMS 0x000000008cb00000, 0x000000008cb00000| Untracked 
| 204|0x000000008cc00000, 0x000000008cc00000, 0x000000008cd00000|  0%| F|  |TAMS 0x000000008cc00000, 0x000000008cc00000| Untracked 
| 205|0x000000008cd00000, 0x000000008cd00000, 0x000000008ce00000|  0%| F|  |TAMS 0x000000008cd00000, 0x000000008cd00000| Untracked 
| 206|0x000000008ce00000, 0x000000008ce00000, 0x000000008cf00000|  0%| F|  |TAMS 0x000000008ce00000, 0x000000008ce00000| Untracked 
| 207|0x000000008cf00000, 0x000000008cf00000, 0x000000008d000000|  0%| F|  |TAMS 0x000000008cf00000, 0x000000008cf00000| Untracked 
| 208|0x000000008d000000, 0x000000008d000000, 0x000000008d100000|  0%| F|  |TAMS 0x000000008d000000, 0x000000008d000000| Untracked 
| 209|0x000000008d100000, 0x000000008d100000, 0x000000008d200000|  0%| F|  |TAMS 0x000000008d100000, 0x000000008d100000| Untracked 
| 210|0x000000008d200000, 0x000000008d200000, 0x000000008d300000|  0%| F|  |TAMS 0x000000008d200000, 0x000000008d200000| Untracked 
| 211|0x000000008d300000, 0x000000008d300000, 0x000000008d400000|  0%| F|  |TAMS 0x000000008d300000, 0x000000008d300000| Untracked 
| 212|0x000000008d400000, 0x000000008d400000, 0x000000008d500000|  0%| F|  |TAMS 0x000000008d400000, 0x000000008d400000| Untracked 
| 213|0x000000008d500000, 0x000000008d500000, 0x000000008d600000|  0%| F|  |TAMS 0x000000008d500000, 0x000000008d500000| Untracked 
| 214|0x000000008d600000, 0x000000008d600000, 0x000000008d700000|  0%| F|  |TAMS 0x000000008d600000, 0x000000008d600000| Untracked 
| 215|0x000000008d700000, 0x000000008d700000, 0x000000008d800000|  0%| F|  |TAMS 0x000000008d700000, 0x000000008d700000| Untracked 
| 216|0x000000008d800000, 0x000000008d800000, 0x000000008d900000|  0%| F|  |TAMS 0x000000008d800000, 0x000000008d800000| Untracked 
| 217|0x000000008d900000, 0x000000008d900000, 0x000000008da00000|  0%| F|  |TAMS 0x000000008d900000, 0x000000008d900000| Untracked 
| 218|0x000000008da00000, 0x000000008da00000, 0x000000008db00000|  0%| F|  |TAMS 0x000000008da00000, 0x000000008da00000| Untracked 
| 219|0x000000008db00000, 0x000000008db00000, 0x000000008dc00000|  0%| F|  |TAMS 0x000000008db00000, 0x000000008db00000| Untracked 
| 220|0x000000008dc00000, 0x000000008dc00000, 0x000000008dd00000|  0%| F|  |TAMS 0x000000008dc00000, 0x000000008dc00000| Untracked 
| 221|0x000000008dd00000, 0x000000008dd00000, 0x000000008de00000|  0%| F|  |TAMS 0x000000008dd00000, 0x000000008dd00000| Untracked 
| 222|0x000000008de00000, 0x000000008de09e18, 0x000000008df00000|  3%| S|CS|TAMS 0x000000008de00000, 0x000000008de00000| Complete 
| 223|0x000000008df00000, 0x000000008e000000, 0x000000008e000000|100%| S|CS|TAMS 0x000000008df00000, 0x000000008df00000| Complete 
|2045|0x00000000ffd00000, 0x00000000ffd00000, 0x00000000ffe00000|  0%| F|  |TAMS 0x00000000ffd00000, 0x00000000ffd00000| Untracked 
|2046|0x00000000ffe00000, 0x00000000fff00000, 0x00000000fff00000|100%| O|  |TAMS 0x00000000fff00000, 0x00000000fff00000| Untracked 
|2047|0x00000000fff00000, 0x0000000100000000, 0x0000000100000000|100%| O|  |TAMS 0x0000000100000000, 0x0000000100000000| Untracked 

Card table byte_map: [0x000001651f680000,0x000001651fa80000] _byte_map_base: 0x000001651f280000

Marking Bits (Prev, Next): (CMBitMap*) 0x000001650ce13500, (CMBitMap*) 0x000001650ce13540
 Prev Bits: [0x000001651fe80000, 0x0000016521e80000)
 Next Bits: [0x0000016521e80000, 0x0000016523e80000)

Polling page: 0x000001650c580000

Metaspace:

Usage:
  Non-class:     90.90 MB used.
      Class:     13.83 MB used.
       Both:    104.73 MB used.

Virtual space:
  Non-class space:       96.00 MB reserved,      91.25 MB ( 95%) committed,  12 nodes.
      Class space:        1.00 GB reserved,      14.19 MB (  1%) committed,  1 nodes.
             Both:        1.09 GB reserved,     105.44 MB (  9%) committed. 

Chunk freelists:
   Non-Class:  720.00 KB
       Class:  1.84 MB
        Both:  2.54 MB

MaxMetaspaceSize: unlimited
CompressedClassSpaceSize: 1.00 GB
Initial GC threshold: 21.00 MB
Current GC threshold: 146.81 MB
CDS: off
MetaspaceReclaimPolicy: balanced
 - commit_granule_bytes: 65536.
 - commit_granule_words: 8192.
 - virtual_space_node_default_size: 1048576.
 - enlarge_chunks_in_place: 1.
 - new_chunks_are_fully_committed: 0.
 - uncommit_free_chunks: 1.
 - use_allocation_guard: 0.
 - handle_deallocations: 1.


Internal statistics:

num_allocs_failed_limit: 6.
num_arena_births: 1110.
num_arena_deaths: 2.
num_vsnodes_births: 13.
num_vsnodes_deaths: 0.
num_space_committed: 1685.
num_space_uncommitted: 0.
num_chunks_returned_to_freelist: 8.
num_chunks_taken_from_freelist: 5112.
num_chunk_merges: 6.
num_chunk_splits: 3398.
num_chunks_enlarged: 2287.
num_purges: 2.
num_inconsistent_stats: 0.

CodeHeap 'non-profiled nmethods': size=120000Kb used=5576Kb max_used=6753Kb free=114424Kb
 bounds [0x0000016517d50000, 0x00000165183f0000, 0x000001651f280000]
CodeHeap 'profiled nmethods': size=120000Kb used=23868Kb max_used=25608Kb free=96131Kb
 bounds [0x0000016510280000, 0x0000016511b90000, 0x00000165177b0000]
CodeHeap 'non-nmethods': size=5760Kb used=2413Kb max_used=2499Kb free=3346Kb
 bounds [0x00000165177b0000, 0x0000016517a50000, 0x0000016517d50000]
 total_blobs=13571 nmethods=12616 adapters=868
 compilation: enabled
              stopped_count=0, restarted_count=0
 full_count=0

Compilation events (20 events):
Event: 82.097 Thread 0x0000016526d04090 15114       3       com.android.tools.r8.dex.D::<init> (42 bytes)
Event: 82.097 Thread 0x0000016526d04090 nmethod 15114 0x00000165104dc710 code [0x00000165104dc8a0, 0x00000165104dca18]
Event: 82.098 Thread 0x0000016526d04090 15115       3       com.android.tools.r8.dex.D::a (1 bytes)
Event: 82.098 Thread 0x0000016526d04090 nmethod 15115 0x0000016510426a10 code [0x0000016510426ba0, 0x0000016510426cb8]
Event: 82.114 Thread 0x0000016526d04090 15116       3       java.nio.HeapByteBuffer::get (15 bytes)
Event: 82.115 Thread 0x0000016526d04090 nmethod 15116 0x0000016510799c10 code [0x0000016510799dc0, 0x0000016510799fb8]
Event: 82.115 Thread 0x0000016526d04090 15117 %     3       com.android.tools.r8.dex.B::j @ 35 (63 bytes)
Event: 82.116 Thread 0x0000016526d04090 nmethod 15117% 0x000001651055d910 code [0x000001651055db20, 0x000001651055e348]
Event: 82.116 Thread 0x0000016526d04090 15118       3       com.android.tools.r8.dex.s::a (9 bytes)
Event: 82.116 Thread 0x0000016526d04090 nmethod 15118 0x0000016510781790 code [0x0000016510781940, 0x0000016510781b48]
Event: 82.117 Thread 0x0000016526d04090 15119       3       com.android.tools.r8.dex.B::j (63 bytes)
Event: 82.118 Thread 0x0000016526d04090 nmethod 15119 0x0000016510ce7610 code [0x0000016510ce7820, 0x0000016510ce7fa8]
Event: 82.118 Thread 0x0000016526d04090 15120       3       java.lang.StrictMath::floorOrCeil (128 bytes)
Event: 82.119 Thread 0x0000016526d04090 nmethod 15120 0x00000165108ded90 code [0x00000165108def60, 0x00000165108df3f8]
Event: 82.119 Thread 0x0000016526d04090 15121       3       java.lang.Math::getExponent (17 bytes)
Event: 82.119 Thread 0x0000016526d04090 nmethod 15121 0x0000016510436210 code [0x00000165104363a0, 0x00000165104364d8]
Event: 82.119 Thread 0x0000016526d04090 15122       1       com.android.tools.r8.utils.H0::a (5 bytes)
Event: 82.119 Thread 0x0000016526d04090 nmethod 15122 0x0000016517de7310 code [0x0000016517de74a0, 0x0000016517de7578]
Event: 82.120 Thread 0x0000016526d04090 15123       3       com.google.common.io.ByteStreams::copy (51 bytes)
Event: 82.122 Thread 0x0000016526d04090 nmethod 15123 0x0000016510dbd910 code [0x0000016510dbdb20, 0x0000016510dbe258]

GC Heap History (20 events):
Event: 58.503 GC heap after
{Heap after GC invocations=50 (full 0):
 garbage-first heap   total 232448K, used 126529K [0x0000000080000000, 0x0000000100000000)
  region size 1024K, 4 young (4096K), 4 survivors (4096K)
 Metaspace       used 93651K, committed 94272K, reserved 1130496K
  class space    used 12423K, committed 12736K, reserved 1048576K
}
Event: 59.591 GC heap before
{Heap before GC invocations=50 (full 0):
 garbage-first heap   total 232448K, used 171585K [0x0000000080000000, 0x0000000100000000)
  region size 1024K, 48 young (49152K), 4 survivors (4096K)
 Metaspace       used 93916K, committed 94656K, reserved 1138688K
  class space    used 12449K, committed 12800K, reserved 1048576K
}
Event: 59.605 GC heap after
{Heap after GC invocations=51 (full 0):
 garbage-first heap   total 232448K, used 130048K [0x0000000080000000, 0x0000000100000000)
  region size 1024K, 6 young (6144K), 6 survivors (6144K)
 Metaspace       used 93916K, committed 94656K, reserved 1138688K
  class space    used 12449K, committed 12800K, reserved 1048576K
}
Event: 60.546 GC heap before
{Heap before GC invocations=51 (full 0):
 garbage-first heap   total 232448K, used 176128K [0x0000000080000000, 0x0000000100000000)
  region size 1024K, 52 young (53248K), 6 survivors (6144K)
 Metaspace       used 95430K, committed 96064K, reserved 1138688K
  class space    used 12602K, committed 12928K, reserved 1048576K
}
Event: 60.558 GC heap after
{Heap after GC invocations=52 (full 0):
 garbage-first heap   total 232448K, used 130241K [0x0000000080000000, 0x0000000100000000)
  region size 1024K, 4 young (4096K), 4 survivors (4096K)
 Metaspace       used 95430K, committed 96064K, reserved 1138688K
  class space    used 12602K, committed 12928K, reserved 1048576K
}
Event: 65.504 GC heap before
{Heap before GC invocations=52 (full 0):
 garbage-first heap   total 232448K, used 179393K [0x0000000080000000, 0x0000000100000000)
  region size 1024K, 53 young (54272K), 4 survivors (4096K)
 Metaspace       used 98478K, committed 99200K, reserved 1138688K
  class space    used 12991K, committed 13312K, reserved 1048576K
}
Event: 65.539 GC heap after
{Heap after GC invocations=53 (full 0):
 garbage-first heap   total 232448K, used 132021K [0x0000000080000000, 0x0000000100000000)
  region size 1024K, 5 young (5120K), 5 survivors (5120K)
 Metaspace       used 98478K, committed 99200K, reserved 1138688K
  class space    used 12991K, committed 13312K, reserved 1048576K
}
Event: 76.395 GC heap before
{Heap before GC invocations=53 (full 0):
 garbage-first heap   total 232448K, used 183221K [0x0000000080000000, 0x0000000100000000)
  region size 1024K, 56 young (57344K), 5 survivors (5120K)
 Metaspace       used 101900K, committed 102592K, reserved 1138688K
  class space    used 13421K, committed 13760K, reserved 1048576K
}
Event: 76.437 GC heap after
{Heap after GC invocations=54 (full 0):
 garbage-first heap   total 232448K, used 137766K [0x0000000080000000, 0x0000000100000000)
  region size 1024K, 7 young (7168K), 7 survivors (7168K)
 Metaspace       used 101900K, committed 102592K, reserved 1138688K
  class space    used 13421K, committed 13760K, reserved 1048576K
}
Event: 79.914 GC heap before
{Heap before GC invocations=54 (full 0):
 garbage-first heap   total 232448K, used 185894K [0x0000000080000000, 0x0000000100000000)
  region size 1024K, 55 young (56320K), 7 survivors (7168K)
 Metaspace       used 102862K, committed 103616K, reserved 1138688K
  class space    used 13543K, committed 13952K, reserved 1048576K
}
Event: 79.953 GC heap after
{Heap after GC invocations=55 (full 0):
 garbage-first heap   total 232448K, used 143223K [0x0000000080000000, 0x0000000100000000)
  region size 1024K, 7 young (7168K), 7 survivors (7168K)
 Metaspace       used 102862K, committed 103616K, reserved 1138688K
  class space    used 13543K, committed 13952K, reserved 1048576K
}
Event: 81.033 GC heap before
{Heap before GC invocations=55 (full 0):
 garbage-first heap   total 232448K, used 198519K [0x0000000080000000, 0x0000000100000000)
  region size 1024K, 51 young (52224K), 7 survivors (7168K)
 Metaspace       used 103567K, committed 104320K, reserved 1146880K
  class space    used 13646K, committed 14016K, reserved 1048576K
}
Event: 81.058 GC heap after
{Heap after GC invocations=56 (full 0):
 garbage-first heap   total 232448K, used 162295K [0x0000000080000000, 0x0000000100000000)
  region size 1024K, 7 young (7168K), 7 survivors (7168K)
 Metaspace       used 103567K, committed 104320K, reserved 1146880K
  class space    used 13646K, committed 14016K, reserved 1048576K
}
Event: 81.623 GC heap before
{Heap before GC invocations=56 (full 0):
 garbage-first heap   total 232448K, used 194039K [0x0000000080000000, 0x0000000100000000)
  region size 1024K, 38 young (38912K), 7 survivors (7168K)
 Metaspace       used 105455K, committed 106176K, reserved 1146880K
  class space    used 13896K, committed 14272K, reserved 1048576K
}
Event: 81.636 GC heap after
{Heap after GC invocations=57 (full 0):
 garbage-first heap   total 232448K, used 164075K [0x0000000080000000, 0x0000000100000000)
  region size 1024K, 2 young (2048K), 2 survivors (2048K)
 Metaspace       used 105455K, committed 106176K, reserved 1146880K
  class space    used 13896K, committed 14272K, reserved 1048576K
}
Event: 82.104 GC heap before
{Heap before GC invocations=57 (full 0):
 garbage-first heap   total 232448K, used 193771K [0x0000000080000000, 0x0000000100000000)
  region size 1024K, 19 young (19456K), 2 survivors (2048K)
 Metaspace       used 107236K, committed 107968K, reserved 1146880K
  class space    used 14159K, committed 14528K, reserved 1048576K
}
Event: 82.113 GC heap after
{Heap after GC invocations=58 (full 0):
 garbage-first heap   total 232448K, used 174433K [0x0000000080000000, 0x0000000100000000)
  region size 1024K, 5 young (5120K), 5 survivors (5120K)
 Metaspace       used 107236K, committed 107968K, reserved 1146880K
  class space    used 14159K, committed 14528K, reserved 1048576K
}
Event: 82.122 GC heap before
{Heap before GC invocations=58 (full 0):
 garbage-first heap   total 232448K, used 185697K [0x0000000080000000, 0x0000000100000000)
  region size 1024K, 8 young (8192K), 5 survivors (5120K)
 Metaspace       used 107241K, committed 107968K, reserved 1146880K
  class space    used 14159K, committed 14528K, reserved 1048576K
}
Event: 82.129 GC heap after
{Heap after GC invocations=59 (full 0):
 garbage-first heap   total 232448K, used 178925K [0x0000000080000000, 0x0000000100000000)
  region size 1024K, 2 young (2048K), 2 survivors (2048K)
 Metaspace       used 107241K, committed 107968K, reserved 1146880K
  class space    used 14159K, committed 14528K, reserved 1048576K
}
Event: 82.130 GC heap before
{Heap before GC invocations=59 (full 0):
 garbage-first heap   total 232448K, used 181997K [0x0000000080000000, 0x0000000100000000)
  region size 1024K, 3 young (3072K), 2 survivors (2048K)
 Metaspace       used 107241K, committed 107968K, reserved 1146880K
  class space    used 14159K, committed 14528K, reserved 1048576K
}

Dll operation events (2 events):
Event: 0.065 Loaded shared library C:\Program Files\Android\Android Studio\jbr\bin\java.dll
Event: 2.681 Loaded shared library C:\Program Files\Android\Android Studio\jbr\bin\verify.dll

Deoptimization events (20 events):
Event: 81.889 Thread 0x00000165309d5120 Uncommon trap: trap_request=0xffffffc6 fr.pc=0x00000165182d1284 relative=0x0000000000007184
Event: 81.889 Thread 0x00000165309d5120 Uncommon trap: reason=bimorphic_or_optimized_type_check action=maybe_recompile pc=0x00000165182d1284 method=java.io.ObjectOutputStream$BlockDataOutputStream.drain()V @ 36 c2
Event: 81.889 Thread 0x00000165309d5120 DEOPT PACKING pc=0x00000165182d1284 sp=0x00000020472fd490
Event: 81.889 Thread 0x00000165309d5120 DEOPT UNPACKING pc=0x000001651780699d sp=0x00000020472fd360 mode 2
Event: 81.890 Thread 0x00000165309d5120 Uncommon trap: trap_request=0xffffffc6 fr.pc=0x00000165182ae29c relative=0x00000000000007dc
Event: 81.890 Thread 0x00000165309d5120 Uncommon trap: reason=bimorphic_or_optimized_type_check action=maybe_recompile pc=0x00000165182ae29c method=java.io.ObjectOutputStream$BlockDataOutputStream.drain()V @ 36 c2
Event: 81.890 Thread 0x00000165309d5120 DEOPT PACKING pc=0x00000165182ae29c sp=0x00000020472fd3f0
Event: 81.890 Thread 0x00000165309d5120 DEOPT UNPACKING pc=0x000001651780699d sp=0x00000020472fd3d0 mode 2
Event: 81.898 Thread 0x00000165309d5120 Uncommon trap: trap_request=0xffffffc6 fr.pc=0x0000016517e6edf4 relative=0x0000000000000834
Event: 81.898 Thread 0x00000165309d5120 Uncommon trap: reason=bimorphic_or_optimized_type_check action=maybe_recompile pc=0x0000016517e6edf4 method=java.io.ObjectOutputStream$BlockDataOutputStream.drain()V @ 36 c2
Event: 81.898 Thread 0x00000165309d5120 DEOPT PACKING pc=0x0000016517e6edf4 sp=0x00000020472fd3e0
Event: 81.898 Thread 0x00000165309d5120 DEOPT UNPACKING pc=0x000001651780699d sp=0x00000020472fd368 mode 2
Event: 81.913 Thread 0x00000165309d5120 Uncommon trap: trap_request=0xffffff45 fr.pc=0x000001651827e920 relative=0x0000000000006d80
Event: 81.913 Thread 0x00000165309d5120 Uncommon trap: reason=unstable_if action=reinterpret pc=0x000001651827e920 method=java.io.ObjectOutputStream$BlockDataOutputStream.writeByte(I)V @ 7 c2
Event: 81.913 Thread 0x00000165309d5120 DEOPT PACKING pc=0x000001651827e920 sp=0x00000020472fd080
Event: 81.913 Thread 0x00000165309d5120 DEOPT UNPACKING pc=0x000001651780699d sp=0x00000020472fcfb0 mode 2
Event: 81.982 Thread 0x00000165309d77a0 Uncommon trap: trap_request=0xffffffc6 fr.pc=0x0000016518250b68 relative=0x0000000000000788
Event: 81.982 Thread 0x00000165309d77a0 Uncommon trap: reason=bimorphic_or_optimized_type_check action=maybe_recompile pc=0x0000016518250b68 method=java.util.Collections$SynchronizedCollection.iterator()Ljava/util/Iterator; @ 4 c2
Event: 81.982 Thread 0x00000165309d77a0 DEOPT PACKING pc=0x0000016518250b68 sp=0x0000002042efdc60
Event: 81.982 Thread 0x00000165309d77a0 DEOPT UNPACKING pc=0x000001651780699d sp=0x0000002042efdc30 mode 2

Classes unloaded (1 events):
Event: 54.704 Thread 0x000001652634ae50 Unloading class 0x0000000100b94400 'java/lang/invoke/LambdaForm$DMH+0x0000000100b94400'

Classes redefined (0 events):
No events

Internal exceptions (20 events):
Event: 78.084 Thread 0x0000016529aaa890 Exception <a 'sun/nio/fs/WindowsException'{0x000000008c943bb0}> (0x000000008c943bb0) 
thrown [s\src\hotspot\share\prims\jni.cpp, line 517]
Event: 80.272 Thread 0x00000165309d72d0 Exception <a 'sun/nio/fs/WindowsException'{0x000000008d75b288}> (0x000000008d75b288) 
thrown [s\src\hotspot\share\prims\jni.cpp, line 517]
Event: 80.294 Thread 0x00000165309d8fb0 Exception <a 'sun/nio/fs/WindowsException'{0x00000000ffd1e4e0}> (0x00000000ffd1e4e0) 
thrown [s\src\hotspot\share\prims\jni.cpp, line 517]
Event: 80.599 Thread 0x00000165309d72d0 Exception <a 'sun/nio/fs/WindowsException'{0x000000008c3c8018}> (0x000000008c3c8018) 
thrown [s\src\hotspot\share\prims\jni.cpp, line 517]
Event: 80.605 Thread 0x00000165309d72d0 Exception <a 'sun/nio/fs/WindowsException'{0x000000008c256a90}> (0x000000008c256a90) 
thrown [s\src\hotspot\share\prims\jni.cpp, line 517]
Event: 80.884 Thread 0x00000165309d5120 Exception <a 'java/lang/NoSuchMethodError'{0x000000008b834fb8}: 'java.lang.Object java.lang.invoke.DirectMethodHandle$Holder.invokeVirtual(java.lang.Object, java.lang.Object, int)'> (0x000000008b834fb8) 
thrown [s\src\hotspot\share\interpreter\linkResolver.cpp, line 771]
Event: 80.895 Thread 0x00000165309d5120 Exception <a 'java/lang/NoSuchMethodError'{0x000000008b841998}: 'void java.lang.invoke.DirectMethodHandle$Holder.invokeStatic(java.lang.Object, java.lang.Object, java.lang.Object, int)'> (0x000000008b841998) 
thrown [s\src\hotspot\share\interpreter\linkResolver.cpp, line 771]
Event: 81.088 Thread 0x00000165309d72d0 Exception <a 'sun/nio/fs/WindowsException'{0x000000008dec77e8}> (0x000000008dec77e8) 
thrown [s\src\hotspot\share\prims\jni.cpp, line 517]
Event: 81.101 Thread 0x00000165309d72d0 Exception <a 'sun/nio/fs/WindowsException'{0x000000008deef7a0}> (0x000000008deef7a0) 
thrown [s\src\hotspot\share\prims\jni.cpp, line 517]
Event: 81.101 Thread 0x00000165309d72d0 Exception <a 'sun/nio/fs/WindowsException'{0x000000008def08b0}> (0x000000008def08b0) 
thrown [s\src\hotspot\share\prims\jni.cpp, line 517]
Event: 81.101 Thread 0x00000165309d72d0 Exception <a 'sun/nio/fs/WindowsException'{0x000000008def0920}> (0x000000008def0920) 
thrown [s\src\hotspot\share\prims\jni.cpp, line 517]
Event: 81.101 Thread 0x00000165309d72d0 Exception <a 'sun/nio/fs/WindowsException'{0x000000008def0d50}> (0x000000008def0d50) 
thrown [s\src\hotspot\share\prims\jni.cpp, line 517]
Event: 81.101 Thread 0x00000165309d72d0 Exception <a 'sun/nio/fs/WindowsException'{0x000000008def2b68}> (0x000000008def2b68) 
thrown [s\src\hotspot\share\prims\jni.cpp, line 517]
Event: 81.117 Thread 0x00000165309d72d0 Exception <a 'sun/nio/fs/WindowsException'{0x000000008dd38400}> (0x000000008dd38400) 
thrown [s\src\hotspot\share\prims\jni.cpp, line 517]
Event: 81.126 Thread 0x00000165309d72d0 Exception <a 'sun/nio/fs/WindowsException'{0x000000008dd76570}> (0x000000008dd76570) 
thrown [s\src\hotspot\share\prims\jni.cpp, line 517]
Event: 81.126 Thread 0x00000165309d72d0 Exception <a 'sun/nio/fs/WindowsException'{0x000000008dd77448}> (0x000000008dd77448) 
thrown [s\src\hotspot\share\prims\jni.cpp, line 517]
Event: 81.126 Thread 0x00000165309d72d0 Exception <a 'sun/nio/fs/WindowsException'{0x000000008dd774b8}> (0x000000008dd774b8) 
thrown [s\src\hotspot\share\prims\jni.cpp, line 517]
Event: 81.126 Thread 0x00000165309d72d0 Exception <a 'sun/nio/fs/WindowsException'{0x000000008dd77948}> (0x000000008dd77948) 
thrown [s\src\hotspot\share\prims\jni.cpp, line 517]
Event: 81.275 Thread 0x00000165309d77a0 Exception <a 'sun/nio/fs/WindowsException'{0x000000008dbbdcf8}> (0x000000008dbbdcf8) 
thrown [s\src\hotspot\share\prims\jni.cpp, line 517]
Event: 82.077 Thread 0x00000165309d77a0 Exception <a 'java/lang/NoSuchMethodError'{0x000000008d75d6a0}: 'java.lang.Object java.lang.invoke.DirectMethodHandle$Holder.invokeStaticInit(java.lang.Object, java.lang.Object, java.lang.Object, java.lang.Object, java.lang.Object, java.lang.Object, java.lang.Object, java.lang.Object, java.lang.Object, java.lang.Object, java.lang.Object, java.lang.Object, java.lang.Object, java.lang.Object, java.lang.Object, java.lang.Object, java.lang.Object, java.lang.Object, java.lang.Object, java.lang.Object, int, java

VM Operations (20 events):
Event: 81.197 Executing VM operation: HandshakeAllThreads done
Event: 81.296 Executing VM operation: HandshakeAllThreads
Event: 81.312 Executing VM operation: HandshakeAllThreads done
Event: 81.538 Executing VM operation: HandshakeAllThreads
Event: 81.538 Executing VM operation: HandshakeAllThreads done
Event: 81.538 Executing VM operation: HandshakeAllThreads
Event: 81.551 Executing VM operation: HandshakeAllThreads done
Event: 81.622 Executing VM operation: G1CollectForAllocation
Event: 81.636 Executing VM operation: G1CollectForAllocation done
Event: 81.650 Executing VM operation: HandshakeAllThreads
Event: 81.650 Executing VM operation: HandshakeAllThreads done
Event: 81.701 Executing VM operation: HandshakeAllThreads
Event: 81.703 Executing VM operation: HandshakeAllThreads done
Event: 81.921 Executing VM operation: HandshakeAllThreads
Event: 81.921 Executing VM operation: HandshakeAllThreads done
Event: 82.104 Executing VM operation: G1TryInitiateConcMark
Event: 82.113 Executing VM operation: G1TryInitiateConcMark done
Event: 82.122 Executing VM operation: G1TryInitiateConcMark
Event: 82.129 Executing VM operation: G1TryInitiateConcMark done
Event: 82.130 Executing VM operation: G1TryInitiateConcMark

Events (20 events):
Event: 81.739 Thread 0x0000016526d11e90 flushing nmethod 0x0000016511aa6a90
Event: 81.739 Thread 0x0000016526d11e90 flushing nmethod 0x0000016511aa7390
Event: 81.739 Thread 0x0000016526d11e90 flushing nmethod 0x0000016511aa7810
Event: 81.739 Thread 0x0000016526d11e90 flushing nmethod 0x0000016511aa7f10
Event: 81.740 Thread 0x0000016526d11e90 flushing nmethod 0x0000016511aaea10
Event: 81.740 Thread 0x0000016526d11e90 flushing nmethod 0x0000016511ab4a90
Event: 81.740 Thread 0x0000016526d11e90 flushing nmethod 0x0000016511ac7390
Event: 81.740 Thread 0x0000016526d11e90 flushing nmethod 0x0000016511afd610
Event: 81.740 Thread 0x0000016526d11e90 flushing nmethod 0x0000016511afe510
Event: 81.740 Thread 0x0000016526d11e90 flushing nmethod 0x0000016511b01c90
Event: 81.740 Thread 0x0000016526d11e90 flushing nmethod 0x0000016511b12210
Event: 81.740 Thread 0x0000016526d11e90 flushing nmethod 0x0000016511b16510
Event: 81.740 Thread 0x0000016526d11e90 flushing nmethod 0x0000016511b18990
Event: 81.740 Thread 0x0000016526d11e90 flushing nmethod 0x0000016511b25b10
Event: 81.740 Thread 0x0000016526d11e90 flushing nmethod 0x0000016511b26690
Event: 81.740 Thread 0x0000016526d11e90 flushing nmethod 0x0000016511b26a90
Event: 81.740 Thread 0x0000016526d11e90 flushing nmethod 0x0000016511b28890
Event: 81.740 Thread 0x0000016526d11e90 flushing nmethod 0x0000016511b29490
Event: 82.020 loading class java/nio/BufferUnderflowException
Event: 82.020 loading class java/nio/BufferUnderflowException done


Dynamic libraries:
0x00007ff7eb920000 - 0x00007ff7eb92a000 	C:\Program Files\Android\Android Studio\jbr\bin\java.exe
0x00007ffd29f10000 - 0x00007ffd2a127000 	C:\WINDOWS\SYSTEM32\ntdll.dll
0x00007ffd295f0000 - 0x00007ffd296b4000 	C:\WINDOWS\System32\KERNEL32.DLL
0x00007ffd27390000 - 0x00007ffd27735000 	C:\WINDOWS\System32\KERNELBASE.dll
0x00007ffd27a80000 - 0x00007ffd27b91000 	C:\WINDOWS\System32\ucrtbase.dll
0x00007ffd0db00000 - 0x00007ffd0db1b000 	C:\Program Files\Android\Android Studio\jbr\bin\VCRUNTIME140.dll
0x00007ffd0b550000 - 0x00007ffd0b567000 	C:\Program Files\Android\Android Studio\jbr\bin\jli.dll
0x00007ffd29710000 - 0x00007ffd298be000 	C:\WINDOWS\System32\USER32.dll
0x00007ffd27740000 - 0x00007ffd27766000 	C:\WINDOWS\System32\win32u.dll
0x00007ffd295b0000 - 0x00007ffd295d9000 	C:\WINDOWS\System32\GDI32.dll
0x00007ffd277f0000 - 0x00007ffd27909000 	C:\WINDOWS\System32\gdi32full.dll
0x00007ffd27280000 - 0x00007ffd2731a000 	C:\WINDOWS\System32\msvcp_win.dll
0x00007ffd0e6f0000 - 0x00007ffd0e983000 	C:\WINDOWS\WinSxS\amd64_microsoft.windows.common-controls_6595b64144ccf1df_6.0.22621.2506_none_270c5ae97388e100\COMCTL32.dll
0x00007ffd29e20000 - 0x00007ffd29ec7000 	C:\WINDOWS\System32\msvcrt.dll
0x00007ffd296d0000 - 0x00007ffd29701000 	C:\WINDOWS\System32\IMM32.DLL
0x00007ffd18b80000 - 0x00007ffd18b8c000 	C:\Program Files\Android\Android Studio\jbr\bin\vcruntime140_1.dll
0x00007ffcf7e00000 - 0x00007ffcf7e8d000 	C:\Program Files\Android\Android Studio\jbr\bin\msvcp140.dll
0x00007ffcd3100000 - 0x00007ffcd3d6e000 	C:\Program Files\Android\Android Studio\jbr\bin\server\jvm.dll
0x00007ffd29d60000 - 0x00007ffd29e11000 	C:\WINDOWS\System32\ADVAPI32.dll
0x00007ffd29400000 - 0x00007ffd294a6000 	C:\WINDOWS\System32\sechost.dll
0x00007ffd28370000 - 0x00007ffd28487000 	C:\WINDOWS\System32\RPCRT4.dll
0x00007ffcfa740000 - 0x00007ffcfa749000 	C:\WINDOWS\SYSTEM32\WSOCK32.dll
0x00007ffd29200000 - 0x00007ffd29271000 	C:\WINDOWS\System32\WS2_32.dll
0x00007ffd1a200000 - 0x00007ffd1a234000 	C:\WINDOWS\SYSTEM32\WINMM.dll
0x00007ffd183d0000 - 0x00007ffd183da000 	C:\WINDOWS\SYSTEM32\VERSION.dll
0x00007ffd261e0000 - 0x00007ffd261f8000 	C:\WINDOWS\SYSTEM32\kernel.appcore.dll
0x00007ffd21640000 - 0x00007ffd2164a000 	C:\Program Files\Android\Android Studio\jbr\bin\jimage.dll
0x00007ffd18e50000 - 0x00007ffd19083000 	C:\WINDOWS\SYSTEM32\DBGHELP.DLL
0x00007ffd29920000 - 0x00007ffd29ca9000 	C:\WINDOWS\System32\combase.dll
0x00007ffd28490000 - 0x00007ffd28567000 	C:\WINDOWS\System32\OLEAUT32.dll
0x00007ffcfb950000 - 0x00007ffcfb982000 	C:\WINDOWS\SYSTEM32\dbgcore.DLL
0x00007ffd27770000 - 0x00007ffd277ea000 	C:\WINDOWS\System32\bcryptPrimitives.dll
0x00007ffd13680000 - 0x00007ffd136a5000 	C:\Program Files\Android\Android Studio\jbr\bin\java.dll
0x00007ffd13660000 - 0x00007ffd13678000 	C:\Program Files\Android\Android Studio\jbr\bin\zip.dll
0x00007ffd286c0000 - 0x00007ffd28f19000 	C:\WINDOWS\System32\SHELL32.dll
0x00007ffd25150000 - 0x00007ffd25a44000 	C:\WINDOWS\SYSTEM32\windows.storage.dll
0x00007ffd25010000 - 0x00007ffd2514e000 	C:\WINDOWS\SYSTEM32\wintypes.dll
0x00007ffd294b0000 - 0x00007ffd295a3000 	C:\WINDOWS\System32\SHCORE.dll
0x00007ffd28f90000 - 0x00007ffd28fee000 	C:\WINDOWS\System32\shlwapi.dll
0x00007ffd271b0000 - 0x00007ffd271d6000 	C:\WINDOWS\SYSTEM32\profapi.dll
0x00007ffd135e0000 - 0x00007ffd135f9000 	C:\Program Files\Android\Android Studio\jbr\bin\net.dll
0x00007ffd1e020000 - 0x00007ffd1e157000 	C:\WINDOWS\SYSTEM32\WINHTTP.dll
0x00007ffd266e0000 - 0x00007ffd26749000 	C:\WINDOWS\system32\mswsock.dll
0x00007ffd11670000 - 0x00007ffd11686000 	C:\Program Files\Android\Android Studio\jbr\bin\nio.dll
0x00007ffd13650000 - 0x00007ffd13660000 	C:\Program Files\Android\Android Studio\jbr\bin\verify.dll
0x00007ffd13b80000 - 0x00007ffd13ba7000 	C:\Users\Dell\.gradle\native\68d5fa5c4cc2d200863cafc0d521ce42e7d3e7ee720ec0a83991735586a16f82\windows-amd64\native-platform.dll
0x00007ffcd89c0000 - 0x00007ffcd8b04000 	C:\Users\Dell\.gradle\native\e376f236ea51e6404a007f0833ffe2c6e607c4080706a723a18a27aeea778392\windows-amd64\native-platform-file-events.dll
0x00007ffd135d0000 - 0x00007ffd135d9000 	C:\Program Files\Android\Android Studio\jbr\bin\management.dll
0x00007ffd11660000 - 0x00007ffd1166b000 	C:\Program Files\Android\Android Studio\jbr\bin\management_ext.dll
0x00007ffd296c0000 - 0x00007ffd296c8000 	C:\WINDOWS\System32\PSAPI.DLL
0x00007ffd26950000 - 0x00007ffd2696b000 	C:\WINDOWS\SYSTEM32\CRYPTSP.dll
0x00007ffd261a0000 - 0x00007ffd261d5000 	C:\WINDOWS\system32\rsaenh.dll
0x00007ffd267f0000 - 0x00007ffd2681c000 	C:\WINDOWS\SYSTEM32\USERENV.dll
0x00007ffd26b40000 - 0x00007ffd26b68000 	C:\WINDOWS\SYSTEM32\bcrypt.dll
0x00007ffd26970000 - 0x00007ffd2697c000 	C:\WINDOWS\SYSTEM32\CRYPTBASE.dll
0x00007ffd25cb0000 - 0x00007ffd25cdd000 	C:\WINDOWS\SYSTEM32\IPHLPAPI.DLL
0x00007ffd28360000 - 0x00007ffd28369000 	C:\WINDOWS\System32\NSI.dll
0x00007ffd1e1a0000 - 0x00007ffd1e1b9000 	C:\WINDOWS\SYSTEM32\dhcpcsvc6.DLL
0x00007ffd1dfa0000 - 0x00007ffd1dfbf000 	C:\WINDOWS\SYSTEM32\dhcpcsvc.DLL
0x00007ffd25d20000 - 0x00007ffd25e19000 	C:\WINDOWS\SYSTEM32\DNSAPI.dll
0x00007ffd0e0c0000 - 0x00007ffd0e0c8000 	C:\WINDOWS\system32\wshunix.dll
0x00007ffd26260000 - 0x00007ffd26294000 	C:\WINDOWS\SYSTEM32\ntmarta.dll

dbghelp: loaded successfully - version: 4.0.5 - missing functions: none
symbol engine: initialized successfully - sym options: 0x614 - pdb path: .;C:\Program Files\Android\Android Studio\jbr\bin;C:\WINDOWS\SYSTEM32;C:\WINDOWS\WinSxS\amd64_microsoft.windows.common-controls_6595b64144ccf1df_6.0.22621.2506_none_270c5ae97388e100;C:\Program Files\Android\Android Studio\jbr\bin\server;C:\Users\Dell\.gradle\native\68d5fa5c4cc2d200863cafc0d521ce42e7d3e7ee720ec0a83991735586a16f82\windows-amd64;C:\Users\Dell\.gradle\native\e376f236ea51e6404a007f0833ffe2c6e607c4080706a723a18a27aeea778392\windows-amd64

VM Arguments:
jvm_args: --add-opens=java.base/java.util=ALL-UNNAMED --add-opens=java.base/java.lang=ALL-UNNAMED --add-opens=java.base/java.lang.invoke=ALL-UNNAMED --add-opens=java.prefs/java.util.prefs=ALL-UNNAMED --add-opens=java.base/java.nio.charset=ALL-UNNAMED --add-opens=java.base/java.net=ALL-UNNAMED --add-opens=java.base/java.util.concurrent.atomic=ALL-UNNAMED -Xmx2048m -Dfile.encoding=UTF-8 -Duser.country=IN -Duser.language=en -Duser.variant 
java_command: org.gradle.launcher.daemon.bootstrap.GradleDaemon 8.0
java_class_path (initial): C:\Users\Dell\.gradle\wrapper\dists\gradle-8.0-bin\ca5e32bp14vu59qr306oxotwh\gradle-8.0\lib\gradle-launcher-8.0.jar
Launcher Type: SUN_STANDARD

[Global flags]
     intx CICompilerCount                          = 3                                         {product} {ergonomic}
     uint ConcGCThreads                            = 1                                         {product} {ergonomic}
     uint G1ConcRefinementThreads                  = 4                                         {product} {ergonomic}
   size_t G1HeapRegionSize                         = 1048576                                   {product} {ergonomic}
    uintx GCDrainStackTargetSize                   = 64                                        {product} {ergonomic}
   size_t InitialHeapSize                          = 67108864                                  {product} {ergonomic}
   size_t MarkStackSize                            = 4194304                                   {product} {ergonomic}
   size_t MaxHeapSize                              = 2147483648                                {product} {command line}
   size_t MaxNewSize                               = 1287651328                                {product} {ergonomic}
   size_t MinHeapDeltaBytes                        = 1048576                                   {product} {ergonomic}
   size_t MinHeapSize                              = 8388608                                   {product} {ergonomic}
    uintx NonNMethodCodeHeapSize                   = 5832780                                {pd product} {ergonomic}
    uintx NonProfiledCodeHeapSize                  = 122912730                              {pd product} {ergonomic}
    uintx ProfiledCodeHeapSize                     = 122912730                              {pd product} {ergonomic}
    uintx ReservedCodeCacheSize                    = 251658240                              {pd product} {ergonomic}
     bool SegmentedCodeCache                       = true                                      {product} {ergonomic}
   size_t SoftMaxHeapSize                          = 2147483648                             {manageable} {ergonomic}
     bool UseCompressedClassPointers               = true                           {product lp64_product} {ergonomic}
     bool UseCompressedOops                        = true                           {product lp64_product} {ergonomic}
     bool UseG1GC                                  = true                                      {product} {ergonomic}
     bool UseLargePagesIndividualAllocation        = false                                  {pd product} {ergonomic}

Logging:
Log output configuration:
 #0: stdout all=warning uptime,level,tags
 #1: stderr all=off uptime,level,tags

Environment Variables:
PATH=C:\oraclexe\app\oracle\product\11.2.0\server\bin;C:\Program Files\Common Files\Oracle\Java\javapath;C:\Program Files (x86)\Common Files\Intel\Shared Libraries\redist\intel64\compiler;C:\WINDOWS\system32;C:\WINDOWS;C:\WINDOWS\System32\Wbem;C:\WINDOWS\System32\WindowsPowerShell\v1.0\;C:\WINDOWS\System32\OpenSSH\;C:\Program Files\dotnet\;C:\Program Files\Git\cmd;C:\Program Files\nodejs\;C:\Program Files\MySQL\MySQL Shell 8.0\bin\;C:\Users\Dell\AppData\Local\Programs\Python\Python310\Scripts\;C:\Users\Dell\AppData\Local\Programs\Python\Python310\;C:\Users\Dell\AppData\Local\Microsoft\WindowsApps;C:\Users\Dell\AppData\Local\Programs\Python\Python310\Scripts;C:\Users\Dell\AppData\Local\Programs\Microsoft VS Code\bin;C:\MinGW\bin;;C:\Program Files\JetBrains\IntelliJ IDEA Community Edition 2021.3.3\bin;;C:\Users\Dell\AppData\Roaming\npm
USERNAME=Dell
OS=Windows_NT
PROCESSOR_IDENTIFIER=Intel64 Family 6 Model 142 Stepping 12, GenuineIntel
TMP=C:\Users\Dell\AppData\Local\Temp
TEMP=C:\Users\Dell\AppData\Local\Temp


JNI global refs:
JNI global refs: 24, weak refs: 3

JNI global refs memory usage: 843, weak refs: 841


---------------  S Y S T E M  ---------------

OS:
 Windows 11 , 64 bit Build 22621 (10.0.22621.2506)
OS uptime: 1 days 2:40 hours
Hyper-V role detected

CPU: total 4 (initial active 4) (2 cores per cpu, 2 threads per core) family 6 model 142 stepping 12 microcode 0xf8, cx8, cmov, fxsr, ht, mmx, 3dnowpref, sse, sse2, sse3, ssse3, sse4.1, sse4.2, popcnt, lzcnt, tsc, tscinvbit, aes, erms, clmul, clflush, clflushopt, hv

Memory: 4k page, system-wide physical 3971M (272M free)
TotalPageFile size 10115M (AvailPageFile size 112M)
current process WorkingSet (physical memory assigned to process): 381M, peak: 421M
current process commit charge ("private bytes"): 516M, peak: 743M

vm_info: OpenJDK 64-Bit Server VM (17.0.6+0-b2043.56-10027231) for windows-amd64 JRE (17.0.6+0-b2043.56-10027231), built on Apr 28 2023 00:43:19 by "androidbuild" with MS VC++ 16.10 / 16.11 (VS2019)

END.
